[2025-03-04 21:33:24,508: DEBUG/MainProcess] | Worker: Preparing bootsteps.
[2025-03-04 21:33:24,513: DEBUG/MainProcess] | Worker: Building graph...
[2025-03-04 21:33:24,514: DEBUG/MainProcess] | Worker: New boot order: {StateDB, Timer, Hub, Pool, Autoscaler, Beat, Consumer}
[2025-03-04 21:33:24,519: DEBUG/MainProcess] | Consumer: Preparing bootsteps.
[2025-03-04 21:33:24,520: DEBUG/MainProcess] | Consumer: Building graph...
[2025-03-04 21:33:24,530: DEBUG/MainProcess] | Consumer: New boot order: {Connection, Agent, Events, Mingle, Gossip, Tasks, Control, Heart, event loop}
[2025-03-04 21:33:24,544: DEBUG/MainProcess] | Worker: Starting Hub
[2025-03-04 21:33:24,545: DEBUG/MainProcess] ^-- substep ok
[2025-03-04 21:33:24,546: DEBUG/MainProcess] | Worker: Starting Pool
[2025-03-04 21:33:25,392: DEBUG/MainProcess] ^-- substep ok
[2025-03-04 21:33:25,393: DEBUG/MainProcess] | Worker: Starting Consumer
[2025-03-04 21:33:25,394: DEBUG/MainProcess] | Consumer: Starting Connection
[2025-03-04 21:33:25,404: WARNING/MainProcess] /usr/local/lib/python3.9/site-packages/celery/worker/consumer/consumer.py:508: CPendingDeprecationWarning: The broker_connection_retry configuration setting will no longer determine
whether broker connection retries are made during startup in Celery 6.0 and above.
If you wish to retain the existing behavior for retrying connections on startup,
you should set broker_connection_retry_on_startup to True.
  warnings.warn(

[2025-03-04 21:33:25,409: INFO/MainProcess] Connected to redis://redis:6379//
[2025-03-04 21:33:25,410: DEBUG/MainProcess] ^-- substep ok
[2025-03-04 21:33:25,410: DEBUG/MainProcess] | Consumer: Starting Events
[2025-03-04 21:33:25,411: WARNING/MainProcess] /usr/local/lib/python3.9/site-packages/celery/worker/consumer/consumer.py:508: CPendingDeprecationWarning: The broker_connection_retry configuration setting will no longer determine
whether broker connection retries are made during startup in Celery 6.0 and above.
If you wish to retain the existing behavior for retrying connections on startup,
you should set broker_connection_retry_on_startup to True.
  warnings.warn(

[2025-03-04 21:33:25,414: DEBUG/MainProcess] ^-- substep ok
[2025-03-04 21:33:25,414: DEBUG/MainProcess] | Consumer: Starting Mingle
[2025-03-04 21:33:25,415: INFO/MainProcess] mingle: searching for neighbors
[2025-03-04 21:33:26,422: INFO/MainProcess] mingle: all alone
[2025-03-04 21:33:26,423: DEBUG/MainProcess] ^-- substep ok
[2025-03-04 21:33:26,423: DEBUG/MainProcess] | Consumer: Starting Gossip
[2025-03-04 21:33:26,427: DEBUG/MainProcess] ^-- substep ok
[2025-03-04 21:33:26,427: DEBUG/MainProcess] | Consumer: Starting Tasks
[2025-03-04 21:33:26,430: DEBUG/MainProcess] ^-- substep ok
[2025-03-04 21:33:26,431: DEBUG/MainProcess] | Consumer: Starting Control
[2025-03-04 21:33:26,434: DEBUG/MainProcess] ^-- substep ok
[2025-03-04 21:33:26,434: DEBUG/MainProcess] | Consumer: Starting Heart
[2025-03-04 21:33:26,436: DEBUG/MainProcess] ^-- substep ok
[2025-03-04 21:33:26,436: DEBUG/MainProcess] | Consumer: Starting event loop
[2025-03-04 21:33:26,437: DEBUG/MainProcess] | Worker: Hub.register Pool...
[2025-03-04 21:33:26,438: INFO/MainProcess] celery@f26e501d56bb ready.
[2025-03-04 21:33:26,438: DEBUG/MainProcess] basic.qos: prefetch_count->96
[2025-03-04 21:48:57,524: DEBUG/MainProcess] | Worker: Closing Hub...
[2025-03-04 21:48:57,524: DEBUG/MainProcess] | Worker: Closing Pool...
[2025-03-04 21:48:57,525: DEBUG/MainProcess] | Worker: Closing Consumer...
[2025-03-04 21:48:57,526: DEBUG/MainProcess] | Worker: Stopping Consumer...
[2025-03-04 21:48:57,526: DEBUG/MainProcess] | Consumer: Closing Connection...
[2025-03-04 21:48:57,527: DEBUG/MainProcess] | Consumer: Closing Events...
[2025-03-04 21:48:57,527: DEBUG/MainProcess] | Consumer: Closing Mingle...
[2025-03-04 21:48:57,527: DEBUG/MainProcess] | Consumer: Closing Gossip...
[2025-03-04 21:48:57,528: DEBUG/MainProcess] | Consumer: Closing Tasks...
[2025-03-04 21:48:57,528: DEBUG/MainProcess] | Consumer: Closing Control...
[2025-03-04 21:48:57,529: DEBUG/MainProcess] | Consumer: Closing Heart...
[2025-03-04 21:48:57,529: DEBUG/MainProcess] | Consumer: Closing event loop...
[2025-03-04 21:48:57,529: DEBUG/MainProcess] | Consumer: Stopping event loop...
[2025-03-04 21:48:57,530: DEBUG/MainProcess] | Consumer: Stopping Heart...
[2025-03-04 21:48:57,530: DEBUG/MainProcess] | Consumer: Stopping Control...
[2025-03-04 21:48:57,534: DEBUG/MainProcess] | Consumer: Stopping Tasks...
[2025-03-04 21:48:57,535: DEBUG/MainProcess] Canceling task consumer...
[2025-03-04 21:48:57,535: DEBUG/MainProcess] | Consumer: Stopping Gossip...
[2025-03-04 21:48:57,537: DEBUG/MainProcess] | Consumer: Stopping Mingle...
[2025-03-04 21:48:57,538: DEBUG/MainProcess] | Consumer: Stopping Events...
[2025-03-04 21:48:57,539: DEBUG/MainProcess] | Consumer: Stopping Connection...
[2025-03-04 21:48:57,541: DEBUG/MainProcess] | Worker: Stopping Pool...
[2025-03-04 21:48:58,555: DEBUG/MainProcess] | Worker: Stopping Hub...
[2025-03-04 21:48:58,557: DEBUG/MainProcess] | Consumer: Shutdown Heart...
[2025-03-04 21:48:58,557: DEBUG/MainProcess] | Consumer: Shutdown Control...
[2025-03-04 21:48:58,558: DEBUG/MainProcess] | Consumer: Shutdown Tasks...
[2025-03-04 21:48:58,559: DEBUG/MainProcess] Canceling task consumer...
[2025-03-04 21:48:58,560: DEBUG/MainProcess] Closing consumer channel...
[2025-03-04 21:48:58,560: DEBUG/MainProcess] | Consumer: Shutdown Gossip...
[2025-03-04 21:48:58,561: DEBUG/MainProcess] | Consumer: Shutdown Events...
[2025-03-04 21:48:58,562: DEBUG/MainProcess] | Consumer: Shutdown Connection...
[2025-03-04 21:48:58,564: DEBUG/MainProcess] removing tasks from inqueue until task handler finished
[2025-03-04 21:49:00,447: DEBUG/MainProcess] | Worker: Preparing bootsteps.
[2025-03-04 21:49:00,451: DEBUG/MainProcess] | Worker: Building graph...
[2025-03-04 21:49:00,452: DEBUG/MainProcess] | Worker: New boot order: {Timer, Hub, Pool, Autoscaler, Beat, StateDB, Consumer}
[2025-03-04 21:49:00,457: DEBUG/MainProcess] | Consumer: Preparing bootsteps.
[2025-03-04 21:49:00,458: DEBUG/MainProcess] | Consumer: Building graph...
[2025-03-04 21:49:00,466: DEBUG/MainProcess] | Consumer: New boot order: {Connection, Events, Heart, Mingle, Tasks, Control, Gossip, Agent, event loop}
[2025-03-04 21:49:00,479: DEBUG/MainProcess] | Worker: Starting Hub
[2025-03-04 21:49:00,480: DEBUG/MainProcess] ^-- substep ok
[2025-03-04 21:49:00,481: DEBUG/MainProcess] | Worker: Starting Pool
[2025-03-04 21:49:01,052: DEBUG/MainProcess] ^-- substep ok
[2025-03-04 21:49:01,054: DEBUG/MainProcess] | Worker: Starting Consumer
[2025-03-04 21:49:01,055: DEBUG/MainProcess] | Consumer: Starting Connection
[2025-03-04 21:49:01,065: WARNING/MainProcess] /usr/local/lib/python3.9/site-packages/celery/worker/consumer/consumer.py:508: CPendingDeprecationWarning: The broker_connection_retry configuration setting will no longer determine
whether broker connection retries are made during startup in Celery 6.0 and above.
If you wish to retain the existing behavior for retrying connections on startup,
you should set broker_connection_retry_on_startup to True.
  warnings.warn(

[2025-03-04 21:49:01,077: INFO/MainProcess] Connected to redis://redis:6379//
[2025-03-04 21:49:01,084: DEBUG/MainProcess] ^-- substep ok
[2025-03-04 21:49:01,086: DEBUG/MainProcess] | Consumer: Starting Events
[2025-03-04 21:49:01,096: WARNING/MainProcess] /usr/local/lib/python3.9/site-packages/celery/worker/consumer/consumer.py:508: CPendingDeprecationWarning: The broker_connection_retry configuration setting will no longer determine
whether broker connection retries are made during startup in Celery 6.0 and above.
If you wish to retain the existing behavior for retrying connections on startup,
you should set broker_connection_retry_on_startup to True.
  warnings.warn(

[2025-03-04 21:49:01,100: DEBUG/MainProcess] ^-- substep ok
[2025-03-04 21:49:01,100: DEBUG/MainProcess] | Consumer: Starting Heart
[2025-03-04 21:49:01,104: DEBUG/MainProcess] ^-- substep ok
[2025-03-04 21:49:01,105: DEBUG/MainProcess] | Consumer: Starting Mingle
[2025-03-04 21:49:01,105: INFO/MainProcess] mingle: searching for neighbors
[2025-03-04 21:49:02,116: INFO/MainProcess] mingle: all alone
[2025-03-04 21:49:02,117: DEBUG/MainProcess] ^-- substep ok
[2025-03-04 21:49:02,118: DEBUG/MainProcess] | Consumer: Starting Tasks
[2025-03-04 21:49:02,130: DEBUG/MainProcess] ^-- substep ok
[2025-03-04 21:49:02,131: DEBUG/MainProcess] | Consumer: Starting Control
[2025-03-04 21:49:02,135: DEBUG/MainProcess] ^-- substep ok
[2025-03-04 21:49:02,136: DEBUG/MainProcess] | Consumer: Starting Gossip
[2025-03-04 21:49:02,139: DEBUG/MainProcess] ^-- substep ok
[2025-03-04 21:49:02,139: DEBUG/MainProcess] | Consumer: Starting event loop
[2025-03-04 21:49:02,139: DEBUG/MainProcess] | Worker: Hub.register Pool...
[2025-03-04 21:49:02,140: INFO/MainProcess] celery@3ff07e939a44 ready.
[2025-03-04 21:49:02,141: DEBUG/MainProcess] basic.qos: prefetch_count->96
[2025-03-04 21:50:24,636: DEBUG/MainProcess] | Worker: Closing Hub...
[2025-03-04 21:50:24,637: DEBUG/MainProcess] | Worker: Closing Pool...
[2025-03-04 21:50:24,637: DEBUG/MainProcess] | Worker: Closing Consumer...
[2025-03-04 21:50:24,638: DEBUG/MainProcess] | Worker: Stopping Consumer...
[2025-03-04 21:50:24,638: DEBUG/MainProcess] | Consumer: Closing Connection...
[2025-03-04 21:50:24,639: DEBUG/MainProcess] | Consumer: Closing Events...
[2025-03-04 21:50:24,639: DEBUG/MainProcess] | Consumer: Closing Heart...
[2025-03-04 21:50:24,640: DEBUG/MainProcess] | Consumer: Closing Mingle...
[2025-03-04 21:50:24,640: DEBUG/MainProcess] | Consumer: Closing Tasks...
[2025-03-04 21:50:24,640: DEBUG/MainProcess] | Consumer: Closing Control...
[2025-03-04 21:50:24,641: DEBUG/MainProcess] | Consumer: Closing Gossip...
[2025-03-04 21:50:24,641: DEBUG/MainProcess] | Consumer: Closing event loop...
[2025-03-04 21:50:24,642: DEBUG/MainProcess] | Consumer: Stopping event loop...
[2025-03-04 21:50:24,642: DEBUG/MainProcess] | Consumer: Stopping Gossip...
[2025-03-04 21:50:24,645: DEBUG/MainProcess] | Consumer: Stopping Control...
[2025-03-04 21:50:24,647: DEBUG/MainProcess] | Consumer: Stopping Tasks...
[2025-03-04 21:50:24,647: DEBUG/MainProcess] Canceling task consumer...
[2025-03-04 21:50:24,648: DEBUG/MainProcess] | Consumer: Stopping Mingle...
[2025-03-04 21:50:24,648: DEBUG/MainProcess] | Consumer: Stopping Heart...
[2025-03-04 21:50:24,649: DEBUG/MainProcess] | Consumer: Stopping Events...
[2025-03-04 21:50:24,650: DEBUG/MainProcess] | Consumer: Stopping Connection...
[2025-03-04 21:50:24,650: DEBUG/MainProcess] | Worker: Stopping Pool...
[2025-03-04 21:50:25,666: DEBUG/MainProcess] | Worker: Stopping Hub...
[2025-03-04 21:50:25,668: DEBUG/MainProcess] | Consumer: Shutdown Gossip...
[2025-03-04 21:50:25,669: DEBUG/MainProcess] | Consumer: Shutdown Control...
[2025-03-04 21:50:25,671: DEBUG/MainProcess] | Consumer: Shutdown Tasks...
[2025-03-04 21:50:25,672: DEBUG/MainProcess] Canceling task consumer...
[2025-03-04 21:50:25,672: DEBUG/MainProcess] Closing consumer channel...
[2025-03-04 21:50:25,673: DEBUG/MainProcess] | Consumer: Shutdown Heart...
[2025-03-04 21:50:25,673: DEBUG/MainProcess] | Consumer: Shutdown Events...
[2025-03-04 21:50:25,674: DEBUG/MainProcess] | Consumer: Shutdown Connection...
[2025-03-04 21:50:25,675: DEBUG/MainProcess] removing tasks from inqueue until task handler finished
[2025-03-04 21:50:27,245: DEBUG/MainProcess] | Worker: Preparing bootsteps.
[2025-03-04 21:50:27,248: DEBUG/MainProcess] | Worker: Building graph...
[2025-03-04 21:50:27,249: DEBUG/MainProcess] | Worker: New boot order: {Timer, Hub, Pool, Autoscaler, Beat, StateDB, Consumer}
[2025-03-04 21:50:27,251: DEBUG/MainProcess] | Consumer: Preparing bootsteps.
[2025-03-04 21:50:27,252: DEBUG/MainProcess] | Consumer: Building graph...
[2025-03-04 21:50:27,259: DEBUG/MainProcess] | Consumer: New boot order: {Connection, Events, Mingle, Tasks, Control, Gossip, Heart, Agent, event loop}
[2025-03-04 21:50:27,268: DEBUG/MainProcess] | Worker: Starting Hub
[2025-03-04 21:50:27,269: DEBUG/MainProcess] ^-- substep ok
[2025-03-04 21:50:27,270: DEBUG/MainProcess] | Worker: Starting Pool
[2025-03-04 21:50:27,820: DEBUG/MainProcess] ^-- substep ok
[2025-03-04 21:50:27,822: DEBUG/MainProcess] | Worker: Starting Consumer
[2025-03-04 21:50:27,823: DEBUG/MainProcess] | Consumer: Starting Connection
[2025-03-04 21:50:27,825: WARNING/MainProcess] /usr/local/lib/python3.9/site-packages/celery/worker/consumer/consumer.py:508: CPendingDeprecationWarning: The broker_connection_retry configuration setting will no longer determine
whether broker connection retries are made during startup in Celery 6.0 and above.
If you wish to retain the existing behavior for retrying connections on startup,
you should set broker_connection_retry_on_startup to True.
  warnings.warn(

[2025-03-04 21:50:27,831: INFO/MainProcess] Connected to redis://redis:6379//
[2025-03-04 21:50:27,831: DEBUG/MainProcess] ^-- substep ok
[2025-03-04 21:50:27,832: DEBUG/MainProcess] | Consumer: Starting Events
[2025-03-04 21:50:27,833: WARNING/MainProcess] /usr/local/lib/python3.9/site-packages/celery/worker/consumer/consumer.py:508: CPendingDeprecationWarning: The broker_connection_retry configuration setting will no longer determine
whether broker connection retries are made during startup in Celery 6.0 and above.
If you wish to retain the existing behavior for retrying connections on startup,
you should set broker_connection_retry_on_startup to True.
  warnings.warn(

[2025-03-04 21:50:27,836: DEBUG/MainProcess] ^-- substep ok
[2025-03-04 21:50:27,837: DEBUG/MainProcess] | Consumer: Starting Mingle
[2025-03-04 21:50:27,837: INFO/MainProcess] mingle: searching for neighbors
[2025-03-04 21:50:28,847: INFO/MainProcess] mingle: all alone
[2025-03-04 21:50:28,849: DEBUG/MainProcess] ^-- substep ok
[2025-03-04 21:50:28,850: DEBUG/MainProcess] | Consumer: Starting Tasks
[2025-03-04 21:50:28,855: DEBUG/MainProcess] ^-- substep ok
[2025-03-04 21:50:28,857: DEBUG/MainProcess] | Consumer: Starting Control
[2025-03-04 21:50:28,863: DEBUG/MainProcess] ^-- substep ok
[2025-03-04 21:50:28,864: DEBUG/MainProcess] | Consumer: Starting Gossip
[2025-03-04 21:50:28,868: DEBUG/MainProcess] ^-- substep ok
[2025-03-04 21:50:28,869: DEBUG/MainProcess] | Consumer: Starting Heart
[2025-03-04 21:50:28,872: DEBUG/MainProcess] ^-- substep ok
[2025-03-04 21:50:28,873: DEBUG/MainProcess] | Consumer: Starting event loop
[2025-03-04 21:50:28,874: DEBUG/MainProcess] | Worker: Hub.register Pool...
[2025-03-04 21:50:28,875: INFO/MainProcess] celery@4f00b68c4668 ready.
[2025-03-04 21:50:28,876: DEBUG/MainProcess] basic.qos: prefetch_count->96
[2025-03-04 21:50:59,109: DEBUG/MainProcess] | Worker: Closing Hub...
[2025-03-04 21:50:59,110: DEBUG/MainProcess] | Worker: Closing Pool...
[2025-03-04 21:50:59,111: DEBUG/MainProcess] | Worker: Closing Consumer...
[2025-03-04 21:50:59,111: DEBUG/MainProcess] | Worker: Stopping Consumer...
[2025-03-04 21:50:59,112: DEBUG/MainProcess] | Consumer: Closing Connection...
[2025-03-04 21:50:59,114: DEBUG/MainProcess] | Consumer: Closing Events...
[2025-03-04 21:50:59,114: DEBUG/MainProcess] | Consumer: Closing Mingle...
[2025-03-04 21:50:59,114: DEBUG/MainProcess] | Consumer: Closing Tasks...
[2025-03-04 21:50:59,115: DEBUG/MainProcess] | Consumer: Closing Control...
[2025-03-04 21:50:59,115: DEBUG/MainProcess] | Consumer: Closing Gossip...
[2025-03-04 21:50:59,116: DEBUG/MainProcess] | Consumer: Closing Heart...
[2025-03-04 21:50:59,116: DEBUG/MainProcess] | Consumer: Closing event loop...
[2025-03-04 21:50:59,116: DEBUG/MainProcess] | Consumer: Stopping event loop...
[2025-03-04 21:50:59,117: DEBUG/MainProcess] | Consumer: Stopping Heart...
[2025-03-04 21:50:59,118: DEBUG/MainProcess] | Consumer: Stopping Gossip...
[2025-03-04 21:50:59,120: DEBUG/MainProcess] | Consumer: Stopping Control...
[2025-03-04 21:50:59,122: DEBUG/MainProcess] | Consumer: Stopping Tasks...
[2025-03-04 21:50:59,122: DEBUG/MainProcess] Canceling task consumer...
[2025-03-04 21:50:59,123: DEBUG/MainProcess] | Consumer: Stopping Mingle...
[2025-03-04 21:50:59,123: DEBUG/MainProcess] | Consumer: Stopping Events...
[2025-03-04 21:50:59,124: DEBUG/MainProcess] | Consumer: Stopping Connection...
[2025-03-04 21:50:59,125: DEBUG/MainProcess] | Worker: Stopping Pool...
[2025-03-04 21:51:00,141: DEBUG/MainProcess] | Worker: Stopping Hub...
[2025-03-04 21:51:00,145: DEBUG/MainProcess] | Consumer: Shutdown Heart...
[2025-03-04 21:51:00,147: DEBUG/MainProcess] | Consumer: Shutdown Gossip...
[2025-03-04 21:51:00,149: DEBUG/MainProcess] | Consumer: Shutdown Control...
[2025-03-04 21:51:00,152: DEBUG/MainProcess] | Consumer: Shutdown Tasks...
[2025-03-04 21:51:00,153: DEBUG/MainProcess] Canceling task consumer...
[2025-03-04 21:51:00,154: DEBUG/MainProcess] Closing consumer channel...
[2025-03-04 21:51:00,155: DEBUG/MainProcess] | Consumer: Shutdown Events...
[2025-03-04 21:51:00,156: DEBUG/MainProcess] | Consumer: Shutdown Connection...
[2025-03-04 21:51:00,157: DEBUG/MainProcess] removing tasks from inqueue until task handler finished
[2025-03-04 21:51:01,770: DEBUG/MainProcess] | Worker: Preparing bootsteps.
[2025-03-04 21:51:01,773: DEBUG/MainProcess] | Worker: Building graph...
[2025-03-04 21:51:01,774: DEBUG/MainProcess] | Worker: New boot order: {Timer, Hub, Pool, Autoscaler, Beat, StateDB, Consumer}
[2025-03-04 21:51:01,778: DEBUG/MainProcess] | Consumer: Preparing bootsteps.
[2025-03-04 21:51:01,778: DEBUG/MainProcess] | Consumer: Building graph...
[2025-03-04 21:51:01,785: DEBUG/MainProcess] | Consumer: New boot order: {Connection, Events, Heart, Mingle, Gossip, Tasks, Control, Agent, event loop}
[2025-03-04 21:51:01,796: DEBUG/MainProcess] | Worker: Starting Hub
[2025-03-04 21:51:01,797: DEBUG/MainProcess] ^-- substep ok
[2025-03-04 21:51:01,798: DEBUG/MainProcess] | Worker: Starting Pool
[2025-03-04 21:51:02,302: DEBUG/MainProcess] ^-- substep ok
[2025-03-04 21:51:02,302: DEBUG/MainProcess] | Worker: Starting Consumer
[2025-03-04 21:51:02,303: DEBUG/MainProcess] | Consumer: Starting Connection
[2025-03-04 21:51:02,305: WARNING/MainProcess] /usr/local/lib/python3.9/site-packages/celery/worker/consumer/consumer.py:508: CPendingDeprecationWarning: The broker_connection_retry configuration setting will no longer determine
whether broker connection retries are made during startup in Celery 6.0 and above.
If you wish to retain the existing behavior for retrying connections on startup,
you should set broker_connection_retry_on_startup to True.
  warnings.warn(

[2025-03-04 21:51:02,310: INFO/MainProcess] Connected to redis://redis:6379//
[2025-03-04 21:51:02,311: DEBUG/MainProcess] ^-- substep ok
[2025-03-04 21:51:02,311: DEBUG/MainProcess] | Consumer: Starting Events
[2025-03-04 21:51:02,312: WARNING/MainProcess] /usr/local/lib/python3.9/site-packages/celery/worker/consumer/consumer.py:508: CPendingDeprecationWarning: The broker_connection_retry configuration setting will no longer determine
whether broker connection retries are made during startup in Celery 6.0 and above.
If you wish to retain the existing behavior for retrying connections on startup,
you should set broker_connection_retry_on_startup to True.
  warnings.warn(

[2025-03-04 21:51:02,314: DEBUG/MainProcess] ^-- substep ok
[2025-03-04 21:51:02,314: DEBUG/MainProcess] | Consumer: Starting Heart
[2025-03-04 21:51:02,316: DEBUG/MainProcess] ^-- substep ok
[2025-03-04 21:51:02,316: DEBUG/MainProcess] | Consumer: Starting Mingle
[2025-03-04 21:51:02,316: INFO/MainProcess] mingle: searching for neighbors
[2025-03-04 21:51:03,324: INFO/MainProcess] mingle: all alone
[2025-03-04 21:51:03,326: DEBUG/MainProcess] ^-- substep ok
[2025-03-04 21:51:03,328: DEBUG/MainProcess] | Consumer: Starting Gossip
[2025-03-04 21:51:03,335: DEBUG/MainProcess] ^-- substep ok
[2025-03-04 21:51:03,336: DEBUG/MainProcess] | Consumer: Starting Tasks
[2025-03-04 21:51:03,339: DEBUG/MainProcess] ^-- substep ok
[2025-03-04 21:51:03,340: DEBUG/MainProcess] | Consumer: Starting Control
[2025-03-04 21:51:03,343: DEBUG/MainProcess] ^-- substep ok
[2025-03-04 21:51:03,343: DEBUG/MainProcess] | Consumer: Starting event loop
[2025-03-04 21:51:03,344: DEBUG/MainProcess] | Worker: Hub.register Pool...
[2025-03-04 21:51:03,345: INFO/MainProcess] celery@bc6033c2ff21 ready.
[2025-03-04 21:51:03,346: DEBUG/MainProcess] basic.qos: prefetch_count->96
[2025-03-04 21:51:52,685: DEBUG/MainProcess] | Worker: Closing Hub...
[2025-03-04 21:51:52,686: DEBUG/MainProcess] | Worker: Closing Pool...
[2025-03-04 21:51:52,686: DEBUG/MainProcess] | Worker: Closing Consumer...
[2025-03-04 21:51:52,687: DEBUG/MainProcess] | Worker: Stopping Consumer...
[2025-03-04 21:51:52,687: DEBUG/MainProcess] | Consumer: Closing Connection...
[2025-03-04 21:51:52,688: DEBUG/MainProcess] | Consumer: Closing Events...
[2025-03-04 21:51:52,688: DEBUG/MainProcess] | Consumer: Closing Heart...
[2025-03-04 21:51:52,688: DEBUG/MainProcess] | Consumer: Closing Mingle...
[2025-03-04 21:51:52,689: DEBUG/MainProcess] | Consumer: Closing Gossip...
[2025-03-04 21:51:52,689: DEBUG/MainProcess] | Consumer: Closing Tasks...
[2025-03-04 21:51:52,690: DEBUG/MainProcess] | Consumer: Closing Control...
[2025-03-04 21:51:52,690: DEBUG/MainProcess] | Consumer: Closing event loop...
[2025-03-04 21:51:52,691: DEBUG/MainProcess] | Consumer: Stopping event loop...
[2025-03-04 21:51:52,691: DEBUG/MainProcess] | Consumer: Stopping Control...
[2025-03-04 21:51:52,693: DEBUG/MainProcess] | Consumer: Stopping Tasks...
[2025-03-04 21:51:52,694: DEBUG/MainProcess] Canceling task consumer...
[2025-03-04 21:51:52,694: DEBUG/MainProcess] | Consumer: Stopping Gossip...
[2025-03-04 21:51:52,696: DEBUG/MainProcess] | Consumer: Stopping Mingle...
[2025-03-04 21:51:52,696: DEBUG/MainProcess] | Consumer: Stopping Heart...
[2025-03-04 21:51:52,698: DEBUG/MainProcess] | Consumer: Stopping Events...
[2025-03-04 21:51:52,698: DEBUG/MainProcess] | Consumer: Stopping Connection...
[2025-03-04 21:51:52,698: DEBUG/MainProcess] | Worker: Stopping Pool...
[2025-03-04 21:51:53,713: DEBUG/MainProcess] | Worker: Stopping Hub...
[2025-03-04 21:51:53,714: DEBUG/MainProcess] | Consumer: Shutdown Control...
[2025-03-04 21:51:53,715: DEBUG/MainProcess] | Consumer: Shutdown Tasks...
[2025-03-04 21:51:53,715: DEBUG/MainProcess] Canceling task consumer...
[2025-03-04 21:51:53,716: DEBUG/MainProcess] Closing consumer channel...
[2025-03-04 21:51:53,717: DEBUG/MainProcess] | Consumer: Shutdown Gossip...
[2025-03-04 21:51:53,717: DEBUG/MainProcess] | Consumer: Shutdown Heart...
[2025-03-04 21:51:53,718: DEBUG/MainProcess] | Consumer: Shutdown Events...
[2025-03-04 21:51:53,719: DEBUG/MainProcess] | Consumer: Shutdown Connection...
[2025-03-04 21:51:53,720: DEBUG/MainProcess] removing tasks from inqueue until task handler finished
[2025-03-04 21:51:55,319: DEBUG/MainProcess] | Worker: Preparing bootsteps.
[2025-03-04 21:51:55,322: DEBUG/MainProcess] | Worker: Building graph...
[2025-03-04 21:51:55,323: DEBUG/MainProcess] | Worker: New boot order: {Beat, StateDB, Timer, Hub, Pool, Autoscaler, Consumer}
[2025-03-04 21:51:55,326: DEBUG/MainProcess] | Consumer: Preparing bootsteps.
[2025-03-04 21:51:55,326: DEBUG/MainProcess] | Consumer: Building graph...
[2025-03-04 21:51:55,333: DEBUG/MainProcess] | Consumer: New boot order: {Connection, Events, Mingle, Gossip, Agent, Tasks, Control, Heart, event loop}
[2025-03-04 21:51:55,342: DEBUG/MainProcess] | Worker: Starting Hub
[2025-03-04 21:51:55,343: DEBUG/MainProcess] ^-- substep ok
[2025-03-04 21:51:55,343: DEBUG/MainProcess] | Worker: Starting Pool
[2025-03-04 21:51:55,863: DEBUG/MainProcess] ^-- substep ok
[2025-03-04 21:51:55,864: DEBUG/MainProcess] | Worker: Starting Consumer
[2025-03-04 21:51:55,865: DEBUG/MainProcess] | Consumer: Starting Connection
[2025-03-04 21:51:55,866: WARNING/MainProcess] /usr/local/lib/python3.9/site-packages/celery/worker/consumer/consumer.py:508: CPendingDeprecationWarning: The broker_connection_retry configuration setting will no longer determine
whether broker connection retries are made during startup in Celery 6.0 and above.
If you wish to retain the existing behavior for retrying connections on startup,
you should set broker_connection_retry_on_startup to True.
  warnings.warn(

[2025-03-04 21:51:55,871: INFO/MainProcess] Connected to redis://redis:6379//
[2025-03-04 21:51:55,872: DEBUG/MainProcess] ^-- substep ok
[2025-03-04 21:51:55,872: DEBUG/MainProcess] | Consumer: Starting Events
[2025-03-04 21:51:55,873: WARNING/MainProcess] /usr/local/lib/python3.9/site-packages/celery/worker/consumer/consumer.py:508: CPendingDeprecationWarning: The broker_connection_retry configuration setting will no longer determine
whether broker connection retries are made during startup in Celery 6.0 and above.
If you wish to retain the existing behavior for retrying connections on startup,
you should set broker_connection_retry_on_startup to True.
  warnings.warn(

[2025-03-04 21:51:55,875: DEBUG/MainProcess] ^-- substep ok
[2025-03-04 21:51:55,875: DEBUG/MainProcess] | Consumer: Starting Mingle
[2025-03-04 21:51:55,875: INFO/MainProcess] mingle: searching for neighbors
[2025-03-04 21:51:56,884: INFO/MainProcess] mingle: all alone
[2025-03-04 21:51:56,885: DEBUG/MainProcess] ^-- substep ok
[2025-03-04 21:51:56,886: DEBUG/MainProcess] | Consumer: Starting Gossip
[2025-03-04 21:51:56,893: DEBUG/MainProcess] ^-- substep ok
[2025-03-04 21:51:56,894: DEBUG/MainProcess] | Consumer: Starting Tasks
[2025-03-04 21:51:56,900: DEBUG/MainProcess] ^-- substep ok
[2025-03-04 21:51:56,900: DEBUG/MainProcess] | Consumer: Starting Control
[2025-03-04 21:51:56,904: DEBUG/MainProcess] ^-- substep ok
[2025-03-04 21:51:56,905: DEBUG/MainProcess] | Consumer: Starting Heart
[2025-03-04 21:51:56,907: DEBUG/MainProcess] ^-- substep ok
[2025-03-04 21:51:56,907: DEBUG/MainProcess] | Consumer: Starting event loop
[2025-03-04 21:51:56,908: DEBUG/MainProcess] | Worker: Hub.register Pool...
[2025-03-04 21:51:56,908: INFO/MainProcess] celery@f2eae8594d6e ready.
[2025-03-04 21:51:56,909: DEBUG/MainProcess] basic.qos: prefetch_count->96
[2025-03-04 21:53:35,014: DEBUG/MainProcess] | Worker: Closing Hub...
[2025-03-04 21:53:35,015: DEBUG/MainProcess] | Worker: Closing Pool...
[2025-03-04 21:53:35,016: DEBUG/MainProcess] | Worker: Closing Consumer...
[2025-03-04 21:53:35,016: DEBUG/MainProcess] | Worker: Stopping Consumer...
[2025-03-04 21:53:35,017: DEBUG/MainProcess] | Consumer: Closing Connection...
[2025-03-04 21:53:35,018: DEBUG/MainProcess] | Consumer: Closing Events...
[2025-03-04 21:53:35,018: DEBUG/MainProcess] | Consumer: Closing Mingle...
[2025-03-04 21:53:35,018: DEBUG/MainProcess] | Consumer: Closing Gossip...
[2025-03-04 21:53:35,019: DEBUG/MainProcess] | Consumer: Closing Tasks...
[2025-03-04 21:53:35,019: DEBUG/MainProcess] | Consumer: Closing Control...
[2025-03-04 21:53:35,020: DEBUG/MainProcess] | Consumer: Closing Heart...
[2025-03-04 21:53:35,020: DEBUG/MainProcess] | Consumer: Closing event loop...
[2025-03-04 21:53:35,021: DEBUG/MainProcess] | Consumer: Stopping event loop...
[2025-03-04 21:53:35,021: DEBUG/MainProcess] | Consumer: Stopping Heart...
[2025-03-04 21:53:35,022: DEBUG/MainProcess] | Consumer: Stopping Control...
[2025-03-04 21:53:35,024: DEBUG/MainProcess] | Consumer: Stopping Tasks...
[2025-03-04 21:53:35,025: DEBUG/MainProcess] Canceling task consumer...
[2025-03-04 21:53:35,025: DEBUG/MainProcess] | Consumer: Stopping Gossip...
[2025-03-04 21:53:35,027: DEBUG/MainProcess] | Consumer: Stopping Mingle...
[2025-03-04 21:53:35,027: DEBUG/MainProcess] | Consumer: Stopping Events...
[2025-03-04 21:53:35,027: DEBUG/MainProcess] | Consumer: Stopping Connection...
[2025-03-04 21:53:35,028: DEBUG/MainProcess] | Worker: Stopping Pool...
[2025-03-04 21:53:36,044: DEBUG/MainProcess] | Worker: Stopping Hub...
[2025-03-04 21:53:36,045: DEBUG/MainProcess] | Consumer: Shutdown Heart...
[2025-03-04 21:53:36,046: DEBUG/MainProcess] | Consumer: Shutdown Control...
[2025-03-04 21:53:36,046: DEBUG/MainProcess] | Consumer: Shutdown Tasks...
[2025-03-04 21:53:36,047: DEBUG/MainProcess] Canceling task consumer...
[2025-03-04 21:53:36,047: DEBUG/MainProcess] Closing consumer channel...
[2025-03-04 21:53:36,048: DEBUG/MainProcess] | Consumer: Shutdown Gossip...
[2025-03-04 21:53:36,048: DEBUG/MainProcess] | Consumer: Shutdown Events...
[2025-03-04 21:53:36,049: DEBUG/MainProcess] | Consumer: Shutdown Connection...
[2025-03-04 21:53:36,050: DEBUG/MainProcess] removing tasks from inqueue until task handler finished
[2025-03-04 21:53:37,759: DEBUG/MainProcess] | Worker: Preparing bootsteps.
[2025-03-04 21:53:37,762: DEBUG/MainProcess] | Worker: Building graph...
[2025-03-04 21:53:37,763: DEBUG/MainProcess] | Worker: New boot order: {Timer, Hub, Pool, Autoscaler, StateDB, Beat, Consumer}
[2025-03-04 21:53:37,766: DEBUG/MainProcess] | Consumer: Preparing bootsteps.
[2025-03-04 21:53:37,766: DEBUG/MainProcess] | Consumer: Building graph...
[2025-03-04 21:53:37,773: DEBUG/MainProcess] | Consumer: New boot order: {Connection, Events, Mingle, Tasks, Control, Heart, Agent, Gossip, event loop}
[2025-03-04 21:53:37,783: DEBUG/MainProcess] | Worker: Starting Hub
[2025-03-04 21:53:37,783: DEBUG/MainProcess] ^-- substep ok
[2025-03-04 21:53:37,784: DEBUG/MainProcess] | Worker: Starting Pool
[2025-03-04 21:53:38,366: DEBUG/MainProcess] ^-- substep ok
[2025-03-04 21:53:38,367: DEBUG/MainProcess] | Worker: Starting Consumer
[2025-03-04 21:53:38,368: DEBUG/MainProcess] | Consumer: Starting Connection
[2025-03-04 21:53:38,369: WARNING/MainProcess] /usr/local/lib/python3.9/site-packages/celery/worker/consumer/consumer.py:508: CPendingDeprecationWarning: The broker_connection_retry configuration setting will no longer determine
whether broker connection retries are made during startup in Celery 6.0 and above.
If you wish to retain the existing behavior for retrying connections on startup,
you should set broker_connection_retry_on_startup to True.
  warnings.warn(

[2025-03-04 21:53:38,374: INFO/MainProcess] Connected to redis://redis:6379//
[2025-03-04 21:53:38,375: DEBUG/MainProcess] ^-- substep ok
[2025-03-04 21:53:38,376: DEBUG/MainProcess] | Consumer: Starting Events
[2025-03-04 21:53:38,377: WARNING/MainProcess] /usr/local/lib/python3.9/site-packages/celery/worker/consumer/consumer.py:508: CPendingDeprecationWarning: The broker_connection_retry configuration setting will no longer determine
whether broker connection retries are made during startup in Celery 6.0 and above.
If you wish to retain the existing behavior for retrying connections on startup,
you should set broker_connection_retry_on_startup to True.
  warnings.warn(

[2025-03-04 21:53:38,380: DEBUG/MainProcess] ^-- substep ok
[2025-03-04 21:53:38,380: DEBUG/MainProcess] | Consumer: Starting Mingle
[2025-03-04 21:53:38,381: INFO/MainProcess] mingle: searching for neighbors
[2025-03-04 21:53:39,389: INFO/MainProcess] mingle: all alone
[2025-03-04 21:53:39,390: DEBUG/MainProcess] ^-- substep ok
[2025-03-04 21:53:39,390: DEBUG/MainProcess] | Consumer: Starting Tasks
[2025-03-04 21:53:39,393: DEBUG/MainProcess] ^-- substep ok
[2025-03-04 21:53:39,393: DEBUG/MainProcess] | Consumer: Starting Control
[2025-03-04 21:53:39,396: DEBUG/MainProcess] ^-- substep ok
[2025-03-04 21:53:39,397: DEBUG/MainProcess] | Consumer: Starting Heart
[2025-03-04 21:53:39,398: DEBUG/MainProcess] ^-- substep ok
[2025-03-04 21:53:39,399: DEBUG/MainProcess] | Consumer: Starting Gossip
[2025-03-04 21:53:39,402: DEBUG/MainProcess] ^-- substep ok
[2025-03-04 21:53:39,403: DEBUG/MainProcess] | Consumer: Starting event loop
[2025-03-04 21:53:39,404: DEBUG/MainProcess] | Worker: Hub.register Pool...
[2025-03-04 21:53:39,405: INFO/MainProcess] celery@ff553fc78979 ready.
[2025-03-04 21:53:39,405: DEBUG/MainProcess] basic.qos: prefetch_count->96
[2025-03-04 21:54:20,718: DEBUG/MainProcess] | Worker: Closing Hub...
[2025-03-04 21:54:20,731: DEBUG/MainProcess] | Worker: Closing Pool...
[2025-03-04 21:54:20,734: DEBUG/MainProcess] | Worker: Closing Consumer...
[2025-03-04 21:54:20,748: DEBUG/MainProcess] | Worker: Stopping Consumer...
[2025-03-04 21:54:20,763: DEBUG/MainProcess] | Consumer: Closing Connection...
[2025-03-04 21:54:20,768: DEBUG/MainProcess] | Consumer: Closing Events...
[2025-03-04 21:54:20,780: DEBUG/MainProcess] | Consumer: Closing Mingle...
[2025-03-04 21:54:20,786: DEBUG/MainProcess] | Consumer: Closing Tasks...
[2025-03-04 21:54:20,793: DEBUG/MainProcess] | Consumer: Closing Control...
[2025-03-04 21:54:20,794: DEBUG/MainProcess] | Consumer: Closing Heart...
[2025-03-04 21:54:20,795: DEBUG/MainProcess] | Consumer: Closing Gossip...
[2025-03-04 21:54:20,798: DEBUG/MainProcess] | Consumer: Closing event loop...
[2025-03-04 21:54:20,811: DEBUG/MainProcess] | Consumer: Stopping event loop...
[2025-03-04 21:54:20,826: DEBUG/MainProcess] | Consumer: Stopping Gossip...
[2025-03-04 21:54:20,844: DEBUG/MainProcess] | Consumer: Stopping Heart...
[2025-03-04 21:54:20,873: DEBUG/MainProcess] | Consumer: Stopping Control...
[2025-03-04 21:54:20,877: DEBUG/MainProcess] | Consumer: Stopping Tasks...
[2025-03-04 21:54:20,877: DEBUG/MainProcess] Canceling task consumer...
[2025-03-04 21:54:20,877: DEBUG/MainProcess] | Consumer: Stopping Mingle...
[2025-03-04 21:54:20,878: DEBUG/MainProcess] | Consumer: Stopping Events...
[2025-03-04 21:54:20,878: DEBUG/MainProcess] | Consumer: Stopping Connection...
[2025-03-04 21:54:20,879: DEBUG/MainProcess] | Worker: Stopping Pool...
[2025-03-04 21:54:21,901: DEBUG/MainProcess] | Worker: Stopping Hub...
[2025-03-04 21:54:21,902: DEBUG/MainProcess] | Consumer: Shutdown Gossip...
[2025-03-04 21:54:21,903: DEBUG/MainProcess] | Consumer: Shutdown Heart...
[2025-03-04 21:54:21,904: DEBUG/MainProcess] | Consumer: Shutdown Control...
[2025-03-04 21:54:21,905: DEBUG/MainProcess] | Consumer: Shutdown Tasks...
[2025-03-04 21:54:21,906: DEBUG/MainProcess] Canceling task consumer...
[2025-03-04 21:54:21,906: DEBUG/MainProcess] Closing consumer channel...
[2025-03-04 21:54:21,907: DEBUG/MainProcess] | Consumer: Shutdown Events...
[2025-03-04 21:54:21,908: DEBUG/MainProcess] | Consumer: Shutdown Connection...
[2025-03-04 21:54:21,909: DEBUG/MainProcess] removing tasks from inqueue until task handler finished
[2025-03-04 21:54:23,589: DEBUG/MainProcess] | Worker: Preparing bootsteps.
[2025-03-04 21:54:23,592: DEBUG/MainProcess] | Worker: Building graph...
[2025-03-04 21:54:23,593: DEBUG/MainProcess] | Worker: New boot order: {Beat, StateDB, Timer, Hub, Pool, Autoscaler, Consumer}
[2025-03-04 21:54:23,595: DEBUG/MainProcess] | Consumer: Preparing bootsteps.
[2025-03-04 21:54:23,596: DEBUG/MainProcess] | Consumer: Building graph...
[2025-03-04 21:54:23,603: DEBUG/MainProcess] | Consumer: New boot order: {Connection, Events, Mingle, Gossip, Heart, Tasks, Control, Agent, event loop}
[2025-03-04 21:54:23,612: DEBUG/MainProcess] | Worker: Starting Hub
[2025-03-04 21:54:23,613: DEBUG/MainProcess] ^-- substep ok
[2025-03-04 21:54:23,613: DEBUG/MainProcess] | Worker: Starting Pool
[2025-03-04 21:54:24,125: DEBUG/MainProcess] ^-- substep ok
[2025-03-04 21:54:24,137: DEBUG/MainProcess] | Worker: Starting Consumer
[2025-03-04 21:54:24,145: DEBUG/MainProcess] | Consumer: Starting Connection
[2025-03-04 21:54:24,147: WARNING/MainProcess] /usr/local/lib/python3.9/site-packages/celery/worker/consumer/consumer.py:508: CPendingDeprecationWarning: The broker_connection_retry configuration setting will no longer determine
whether broker connection retries are made during startup in Celery 6.0 and above.
If you wish to retain the existing behavior for retrying connections on startup,
you should set broker_connection_retry_on_startup to True.
  warnings.warn(

[2025-03-04 21:54:24,153: INFO/MainProcess] Connected to redis://redis:6379//
[2025-03-04 21:54:24,154: DEBUG/MainProcess] ^-- substep ok
[2025-03-04 21:54:24,154: DEBUG/MainProcess] | Consumer: Starting Events
[2025-03-04 21:54:24,155: WARNING/MainProcess] /usr/local/lib/python3.9/site-packages/celery/worker/consumer/consumer.py:508: CPendingDeprecationWarning: The broker_connection_retry configuration setting will no longer determine
whether broker connection retries are made during startup in Celery 6.0 and above.
If you wish to retain the existing behavior for retrying connections on startup,
you should set broker_connection_retry_on_startup to True.
  warnings.warn(

[2025-03-04 21:54:24,158: DEBUG/MainProcess] ^-- substep ok
[2025-03-04 21:54:24,159: DEBUG/MainProcess] | Consumer: Starting Mingle
[2025-03-04 21:54:24,160: INFO/MainProcess] mingle: searching for neighbors
[2025-03-04 21:54:25,170: INFO/MainProcess] mingle: all alone
[2025-03-04 21:54:25,172: DEBUG/MainProcess] ^-- substep ok
[2025-03-04 21:54:25,174: DEBUG/MainProcess] | Consumer: Starting Gossip
[2025-03-04 21:54:25,180: DEBUG/MainProcess] ^-- substep ok
[2025-03-04 21:54:25,181: DEBUG/MainProcess] | Consumer: Starting Heart
[2025-03-04 21:54:25,184: DEBUG/MainProcess] ^-- substep ok
[2025-03-04 21:54:25,185: DEBUG/MainProcess] | Consumer: Starting Tasks
[2025-03-04 21:54:25,190: DEBUG/MainProcess] ^-- substep ok
[2025-03-04 21:54:25,192: DEBUG/MainProcess] | Consumer: Starting Control
[2025-03-04 21:54:25,197: DEBUG/MainProcess] ^-- substep ok
[2025-03-04 21:54:25,198: DEBUG/MainProcess] | Consumer: Starting event loop
[2025-03-04 21:54:25,200: DEBUG/MainProcess] | Worker: Hub.register Pool...
[2025-03-04 21:54:25,201: INFO/MainProcess] celery@1fff227d36fb ready.
[2025-03-04 21:54:25,202: DEBUG/MainProcess] basic.qos: prefetch_count->96
[2025-03-04 22:03:03,212: INFO/MainProcess] Task tasks.ingest_data[01e71e34-d7e4-4691-a4a2-971f9ec68c5d] received
[2025-03-04 22:03:03,213: DEBUG/MainProcess] TaskPool: Apply <function fast_trace_task at 0x7fcfb584e700> (args:('tasks.ingest_data', '01e71e34-d7e4-4691-a4a2-971f9ec68c5d', {'lang': 'py', 'task': 'tasks.ingest_data', 'id': '01e71e34-d7e4-4691-a4a2-971f9ec68c5d', 'shadow': None, 'eta': None, 'expires': None, 'group': None, 'group_index': None, 'retries': 0, 'timelimit': [None, None], 'root_id': '01e71e34-d7e4-4691-a4a2-971f9ec68c5d', 'parent_id': None, 'argsrepr': "[{'tenant_id': 'tenant1', 'data': '/app/tenants_dataamazon_reviews_multilingual_US_v1_00.tsv'}]", 'kwargsrepr': '{}', 'origin': 'gen15@6eafab8ad621', 'ignore_result': False, 'replaced_task_nesting': 0, 'stamped_headers': None, 'stamps': {}, 'properties': {'correlation_id': '01e71e34-d7e4-4691-a4a2-971f9ec68c5d', 'reply_to': '3cda2e39-b22d-345f-837c-18e905145f51', 'delivery_mode': 2, 'delivery_info': {'exchange': '', 'routing_key': 'celery'}, 'priority': 0, 'body_encoding': 'base64', 'delivery_tag': 'c59bff39-1ab3-44ff-bbdb-c4f68dae9adb'}, 'reply_to': '3cda2e39-b22d-345f-837c-18e905145f51', 'correlation_id': '01e71e34-d7e4-4691-a4a2-971f9ec68c5d',... kwargs:{})
[2025-03-04 22:03:03,216: INFO/ForkPoolWorker-15] Inserting new metadata for tenant1
[2025-03-04 22:03:03,221: INFO/ForkPoolWorker-15] Task tasks.ingest_data[01e71e34-d7e4-4691-a4a2-971f9ec68c5d] succeeded in 0.005545408999751089s: {'tenant_id': 'tenant1', 'data': '/app/tenants_dataamazon_reviews_multilingual_US_v1_00.tsv'}
[2025-03-04 22:04:41,741: DEBUG/MainProcess] | Worker: Closing Hub...
[2025-03-04 22:04:41,742: DEBUG/MainProcess] | Worker: Closing Pool...
[2025-03-04 22:04:41,742: DEBUG/MainProcess] | Worker: Closing Consumer...
[2025-03-04 22:04:41,743: DEBUG/MainProcess] | Worker: Stopping Consumer...
[2025-03-04 22:04:41,743: DEBUG/MainProcess] | Consumer: Closing Connection...
[2025-03-04 22:04:41,744: DEBUG/MainProcess] | Consumer: Closing Events...
[2025-03-04 22:04:41,744: DEBUG/MainProcess] | Consumer: Closing Mingle...
[2025-03-04 22:04:41,745: DEBUG/MainProcess] | Consumer: Closing Gossip...
[2025-03-04 22:04:41,745: DEBUG/MainProcess] | Consumer: Closing Heart...
[2025-03-04 22:04:41,745: DEBUG/MainProcess] | Consumer: Closing Tasks...
[2025-03-04 22:04:41,746: DEBUG/MainProcess] | Consumer: Closing Control...
[2025-03-04 22:04:41,746: DEBUG/MainProcess] | Consumer: Closing event loop...
[2025-03-04 22:04:41,746: DEBUG/MainProcess] | Consumer: Stopping event loop...
[2025-03-04 22:04:41,747: DEBUG/MainProcess] | Consumer: Stopping Control...
[2025-03-04 22:04:41,748: DEBUG/MainProcess] | Consumer: Stopping Tasks...
[2025-03-04 22:04:41,749: DEBUG/MainProcess] Canceling task consumer...
[2025-03-04 22:04:41,749: DEBUG/MainProcess] | Consumer: Stopping Heart...
[2025-03-04 22:04:41,750: DEBUG/MainProcess] | Consumer: Stopping Gossip...
[2025-03-04 22:04:41,751: DEBUG/MainProcess] | Consumer: Stopping Mingle...
[2025-03-04 22:04:41,752: DEBUG/MainProcess] | Consumer: Stopping Events...
[2025-03-04 22:04:41,752: DEBUG/MainProcess] | Consumer: Stopping Connection...
[2025-03-04 22:04:41,752: DEBUG/MainProcess] | Worker: Stopping Pool...
[2025-03-04 22:04:42,778: DEBUG/MainProcess] | Worker: Stopping Hub...
[2025-03-04 22:04:42,779: DEBUG/MainProcess] | Consumer: Shutdown Control...
[2025-03-04 22:04:42,780: DEBUG/MainProcess] | Consumer: Shutdown Tasks...
[2025-03-04 22:04:42,782: DEBUG/MainProcess] Canceling task consumer...
[2025-03-04 22:04:42,784: DEBUG/MainProcess] Closing consumer channel...
[2025-03-04 22:04:42,785: DEBUG/MainProcess] | Consumer: Shutdown Heart...
[2025-03-04 22:04:42,785: DEBUG/MainProcess] | Consumer: Shutdown Gossip...
[2025-03-04 22:04:42,787: DEBUG/MainProcess] | Consumer: Shutdown Events...
[2025-03-04 22:04:42,788: DEBUG/MainProcess] | Consumer: Shutdown Connection...
[2025-03-04 22:04:42,789: DEBUG/MainProcess] removing tasks from inqueue until task handler finished
[2025-03-04 22:04:45,019: DEBUG/MainProcess] | Worker: Preparing bootsteps.
[2025-03-04 22:04:45,023: DEBUG/MainProcess] | Worker: Building graph...
[2025-03-04 22:04:45,024: DEBUG/MainProcess] | Worker: New boot order: {Timer, Hub, Pool, Autoscaler, StateDB, Beat, Consumer}
[2025-03-04 22:04:45,029: DEBUG/MainProcess] | Consumer: Preparing bootsteps.
[2025-03-04 22:04:45,030: DEBUG/MainProcess] | Consumer: Building graph...
[2025-03-04 22:04:45,039: DEBUG/MainProcess] | Consumer: New boot order: {Connection, Events, Heart, Agent, Mingle, Gossip, Tasks, Control, event loop}
[2025-03-04 22:04:45,054: DEBUG/MainProcess] | Worker: Starting Hub
[2025-03-04 22:04:45,055: DEBUG/MainProcess] ^-- substep ok
[2025-03-04 22:04:45,056: DEBUG/MainProcess] | Worker: Starting Pool
[2025-03-04 22:04:45,698: DEBUG/MainProcess] ^-- substep ok
[2025-03-04 22:04:45,699: DEBUG/MainProcess] | Worker: Starting Consumer
[2025-03-04 22:04:45,700: DEBUG/MainProcess] | Consumer: Starting Connection
[2025-03-04 22:04:45,710: WARNING/MainProcess] /usr/local/lib/python3.9/site-packages/celery/worker/consumer/consumer.py:508: CPendingDeprecationWarning: The broker_connection_retry configuration setting will no longer determine
whether broker connection retries are made during startup in Celery 6.0 and above.
If you wish to retain the existing behavior for retrying connections on startup,
you should set broker_connection_retry_on_startup to True.
  warnings.warn(

[2025-03-04 22:04:45,716: INFO/MainProcess] Connected to redis://redis:6379//
[2025-03-04 22:04:45,716: DEBUG/MainProcess] ^-- substep ok
[2025-03-04 22:04:45,717: DEBUG/MainProcess] | Consumer: Starting Events
[2025-03-04 22:04:45,718: WARNING/MainProcess] /usr/local/lib/python3.9/site-packages/celery/worker/consumer/consumer.py:508: CPendingDeprecationWarning: The broker_connection_retry configuration setting will no longer determine
whether broker connection retries are made during startup in Celery 6.0 and above.
If you wish to retain the existing behavior for retrying connections on startup,
you should set broker_connection_retry_on_startup to True.
  warnings.warn(

[2025-03-04 22:04:45,720: DEBUG/MainProcess] ^-- substep ok
[2025-03-04 22:04:45,720: DEBUG/MainProcess] | Consumer: Starting Heart
[2025-03-04 22:04:45,722: DEBUG/MainProcess] ^-- substep ok
[2025-03-04 22:04:45,723: DEBUG/MainProcess] | Consumer: Starting Mingle
[2025-03-04 22:04:45,724: INFO/MainProcess] mingle: searching for neighbors
[2025-03-04 22:04:46,733: INFO/MainProcess] mingle: all alone
[2025-03-04 22:04:46,734: DEBUG/MainProcess] ^-- substep ok
[2025-03-04 22:04:46,735: DEBUG/MainProcess] | Consumer: Starting Gossip
[2025-03-04 22:04:46,741: DEBUG/MainProcess] ^-- substep ok
[2025-03-04 22:04:46,742: DEBUG/MainProcess] | Consumer: Starting Tasks
[2025-03-04 22:04:46,755: DEBUG/MainProcess] ^-- substep ok
[2025-03-04 22:04:46,755: DEBUG/MainProcess] | Consumer: Starting Control
[2025-03-04 22:04:46,760: DEBUG/MainProcess] ^-- substep ok
[2025-03-04 22:04:46,761: DEBUG/MainProcess] | Consumer: Starting event loop
[2025-03-04 22:04:46,761: DEBUG/MainProcess] | Worker: Hub.register Pool...
[2025-03-04 22:04:46,762: INFO/MainProcess] celery@5a82220748af ready.
[2025-03-04 22:04:46,763: DEBUG/MainProcess] basic.qos: prefetch_count->96
[2025-03-04 22:05:46,570: INFO/MainProcess] Task tasks.ingest_data[179ef6cd-a656-478a-b037-a329a6f88f64] received
[2025-03-04 22:05:46,572: DEBUG/MainProcess] TaskPool: Apply <function fast_trace_task at 0x7fa515266700> (args:('tasks.ingest_data', '179ef6cd-a656-478a-b037-a329a6f88f64', {'lang': 'py', 'task': 'tasks.ingest_data', 'id': '179ef6cd-a656-478a-b037-a329a6f88f64', 'shadow': None, 'eta': None, 'expires': None, 'group': None, 'group_index': None, 'retries': 0, 'timelimit': [None, None], 'root_id': '179ef6cd-a656-478a-b037-a329a6f88f64', 'parent_id': None, 'argsrepr': "[{'tenant_id': 'tenant1', 'data': '/app/tenants_dataamazon_reviews_multilingual_US_v1_00.tsv'}]", 'kwargsrepr': '{}', 'origin': 'gen7@38e1a363190a', 'ignore_result': False, 'replaced_task_nesting': 0, 'stamped_headers': None, 'stamps': {}, 'properties': {'correlation_id': '179ef6cd-a656-478a-b037-a329a6f88f64', 'reply_to': '81c698b2-3bcb-30c6-90a0-beb4fb71e477', 'delivery_mode': 2, 'delivery_info': {'exchange': '', 'routing_key': 'celery'}, 'priority': 0, 'body_encoding': 'base64', 'delivery_tag': '6f21266d-073a-428c-b6c6-5e0f6a0d59d8'}, 'reply_to': '81c698b2-3bcb-30c6-90a0-beb4fb71e477', 'correlation_id': '179ef6cd-a656-478a-b037-a329a6f88f64', 'hostname':... kwargs:{})
[2025-03-04 22:05:46,574: INFO/ForkPoolWorker-15] Inserting new metadata for tenant1
[2025-03-04 22:05:46,578: INFO/ForkPoolWorker-15] Task tasks.ingest_data[179ef6cd-a656-478a-b037-a329a6f88f64] succeeded in 0.004278358000192384s: {'tenant_id': 'tenant1', 'data': '/app/tenants_dataamazon_reviews_multilingual_US_v1_00.tsv'}
