2025-01-27 21:51:36,867 werkzeug INFO [31m[1mWARNING: This is a development server. Do not use it in a production deployment. Use a production WSGI server instead.[0m
 * Running on all addresses (0.0.0.0)
 * Running on http://127.0.0.1:5000
 * Running on http://172.24.0.2:5000
2025-01-27 21:51:36,867 werkzeug INFO [33mPress CTRL+C to quit[0m
2025-01-27 21:51:36,870 werkzeug INFO  * Restarting with stat
2025-01-27 21:51:37,607 werkzeug WARNING  * Debugger is active!
2025-01-27 21:51:37,608 werkzeug INFO  * Debugger PIN: 968-319-250
2025-01-27 21:54:35,700 celery.utils.functional DEBUG 
def unlock_chord(self, group_id, callback, interval=0, max_retries=1, result=2, Result=3, GroupResult=4, result_from_tuple=5, **kwargs):
    return 1

2025-01-27 21:54:35,721 celery.utils.functional DEBUG 
def upload_file_to_minio(s3_client, bucket_name, key):
    return 1

2025-01-27 21:54:35,748 celery.utils.functional DEBUG 
def group(self, tasks, result, group_id, partial_args, add_to_parent=0):
    return 1

2025-01-27 21:54:35,756 celery.utils.functional DEBUG 
def xmap(task, it):
    return 1

2025-01-27 21:54:35,798 celery.utils.functional DEBUG 
def chain(*args, **kwargs):
    return 1

2025-01-27 21:54:35,832 celery.utils.functional DEBUG 
def xstarmap(task, it):
    return 1

2025-01-27 21:54:35,846 celery.utils.functional DEBUG 
def chord(self, header, body, partial_args=0, interval=1, countdown=2, max_retries=3, eager=4, **kwargs):
    return 1

2025-01-27 21:54:35,862 celery.utils.functional DEBUG 
def accumulate(self, *args, **kwargs):
    return 1

2025-01-27 21:54:35,864 celery.utils.functional DEBUG 
def chunks(task, it, n):
    return 1

2025-01-27 21:54:35,866 celery.utils.functional DEBUG 
def backend_cleanup():
    return 1

2025-01-27 21:54:35,867 celery.utils.functional DEBUG 
def extract_metadata(request):
    return 1

2025-01-27 21:54:35,875 kombu.connection WARNING No hostname was supplied. Reverting to default 'localhost'
2025-01-27 21:54:35,923 werkzeug INFO 172.24.0.1 - - [27/Jan/2025 21:54:35] "[35m[1mPOST /upload HTTP/1.1[0m" 500 -
2025-01-27 21:55:47,006 werkzeug INFO  * Detected change in '/app/server.py', reloading
2025-01-27 21:55:47,091 werkzeug INFO  * Restarting with stat
2025-01-27 21:55:47,679 werkzeug WARNING  * Debugger is active!
2025-01-27 21:55:47,680 werkzeug INFO  * Debugger PIN: 968-319-250
2025-01-27 21:56:24,117 celery.utils.functional DEBUG 
def unlock_chord(self, group_id, callback, interval=0, max_retries=1, result=2, Result=3, GroupResult=4, result_from_tuple=5, **kwargs):
    return 1

2025-01-27 21:56:24,117 celery.utils.functional DEBUG 
def upload_file_to_minio(s3_client, bucket_name, key):
    return 1

2025-01-27 21:56:24,118 celery.utils.functional DEBUG 
def group(self, tasks, result, group_id, partial_args, add_to_parent=0):
    return 1

2025-01-27 21:56:24,119 celery.utils.functional DEBUG 
def xmap(task, it):
    return 1

2025-01-27 21:56:24,119 celery.utils.functional DEBUG 
def chain(*args, **kwargs):
    return 1

2025-01-27 21:56:24,120 celery.utils.functional DEBUG 
def extract_metadata(request):
    return 1

2025-01-27 21:56:24,120 celery.utils.functional DEBUG 
def xstarmap(task, it):
    return 1

2025-01-27 21:56:24,121 celery.utils.functional DEBUG 
def chord(self, header, body, partial_args=0, interval=1, countdown=2, max_retries=3, eager=4, **kwargs):
    return 1

2025-01-27 21:56:24,121 celery.utils.functional DEBUG 
def accumulate(self, *args, **kwargs):
    return 1

2025-01-27 21:56:24,122 celery.utils.functional DEBUG 
def chunks(task, it, n):
    return 1

2025-01-27 21:56:24,123 celery.utils.functional DEBUG 
def backend_cleanup():
    return 1

2025-01-27 21:56:24,128 kombu.connection WARNING No hostname was supplied. Reverting to default 'localhost'
2025-01-27 21:56:24,153 werkzeug INFO 172.24.0.1 - - [27/Jan/2025 21:56:24] "[35m[1mPOST /upload HTTP/1.1[0m" 500 -
2025-01-27 21:57:16,366 werkzeug INFO  * Detected change in '/app/server.py', reloading
2025-01-27 21:57:16,418 werkzeug INFO  * Restarting with stat
2025-01-27 21:57:16,798 werkzeug WARNING  * Debugger is active!
2025-01-27 21:57:16,799 werkzeug INFO  * Debugger PIN: 968-319-250
2025-01-27 21:57:23,959 celery.utils.functional DEBUG 
def unlock_chord(self, group_id, callback, interval=0, max_retries=1, result=2, Result=3, GroupResult=4, result_from_tuple=5, **kwargs):
    return 1

2025-01-27 21:57:23,960 celery.utils.functional DEBUG 
def upload_file_to_minio(s3_client, bucket_name, key):
    return 1

2025-01-27 21:57:23,961 celery.utils.functional DEBUG 
def group(self, tasks, result, group_id, partial_args, add_to_parent=0):
    return 1

2025-01-27 21:57:23,962 celery.utils.functional DEBUG 
def xmap(task, it):
    return 1

2025-01-27 21:57:23,962 celery.utils.functional DEBUG 
def chain(*args, **kwargs):
    return 1

2025-01-27 21:57:23,963 celery.utils.functional DEBUG 
def extract_metadata(request):
    return 1

2025-01-27 21:57:23,964 celery.utils.functional DEBUG 
def xstarmap(task, it):
    return 1

2025-01-27 21:57:23,964 celery.utils.functional DEBUG 
def chord(self, header, body, partial_args=0, interval=1, countdown=2, max_retries=3, eager=4, **kwargs):
    return 1

2025-01-27 21:57:23,965 celery.utils.functional DEBUG 
def accumulate(self, *args, **kwargs):
    return 1

2025-01-27 21:57:23,965 celery.utils.functional DEBUG 
def chunks(task, it, n):
    return 1

2025-01-27 21:57:23,965 celery.utils.functional DEBUG 
def backend_cleanup():
    return 1

2025-01-27 21:57:23,970 kombu.connection WARNING No hostname was supplied. Reverting to default 'localhost'
2025-01-27 21:57:23,994 werkzeug INFO 172.24.0.1 - - [27/Jan/2025 21:57:23] "[35m[1mPOST /upload HTTP/1.1[0m" 500 -
2025-01-27 21:58:02,344 werkzeug INFO  * Detected change in '/app/server.py', reloading
2025-01-27 21:58:02,395 werkzeug INFO  * Restarting with stat
2025-01-27 21:58:02,749 werkzeug WARNING  * Debugger is active!
2025-01-27 21:58:02,750 werkzeug INFO  * Debugger PIN: 968-319-250
2025-01-27 21:58:09,174 werkzeug INFO  * Detected change in '/app/server.py', reloading
2025-01-27 21:58:09,216 werkzeug INFO  * Restarting with stat
2025-01-27 21:58:09,569 werkzeug WARNING  * Debugger is active!
2025-01-27 21:58:09,570 werkzeug INFO  * Debugger PIN: 968-319-250
2025-01-27 21:58:10,753 werkzeug INFO  * Detected change in '/app/server.py', reloading
2025-01-27 21:58:10,806 werkzeug INFO  * Restarting with stat
2025-01-27 21:58:11,169 werkzeug WARNING  * Debugger is active!
2025-01-27 21:58:11,170 werkzeug INFO  * Debugger PIN: 968-319-250
2025-01-27 21:58:39,787 werkzeug INFO  * Detected change in '/app/utils/extract_meta_data.py', reloading
2025-01-27 21:58:39,839 werkzeug INFO  * Restarting with stat
2025-01-27 21:58:40,366 werkzeug WARNING  * Debugger is active!
2025-01-27 21:58:40,368 werkzeug INFO  * Debugger PIN: 968-319-250
2025-01-27 22:01:40,211 werkzeug INFO  * Detected change in '/app/server.py', reloading
2025-01-27 22:01:40,273 werkzeug INFO  * Restarting with stat
2025-01-27 22:01:40,677 werkzeug WARNING  * Debugger is active!
2025-01-27 22:01:40,678 werkzeug INFO  * Debugger PIN: 968-319-250
2025-01-27 22:01:55,607 werkzeug INFO  * Detected change in '/app/utils/parse_request.py', reloading
2025-01-27 22:01:55,651 werkzeug INFO  * Restarting with stat
2025-01-27 22:01:56,083 werkzeug WARNING  * Debugger is active!
2025-01-27 22:01:56,084 werkzeug INFO  * Debugger PIN: 968-319-250
2025-01-27 22:01:58,355 werkzeug INFO  * Detected change in '/app/utils/parse_request.py', reloading
2025-01-27 22:01:58,421 werkzeug INFO  * Restarting with stat
2025-01-27 22:01:58,931 werkzeug WARNING  * Debugger is active!
2025-01-27 22:01:58,932 werkzeug INFO  * Debugger PIN: 968-319-250
2025-01-27 22:02:00,155 werkzeug INFO  * Detected change in '/app/utils/parse_request.py', reloading
2025-01-27 22:02:00,226 werkzeug INFO  * Restarting with stat
2025-01-27 22:02:00,833 werkzeug WARNING  * Debugger is active!
2025-01-27 22:02:00,835 werkzeug INFO  * Debugger PIN: 968-319-250
2025-01-27 22:02:04,188 werkzeug INFO  * Detected change in '/app/utils/parse_request.py', reloading
2025-01-27 22:02:04,239 werkzeug INFO  * Restarting with stat
2025-01-27 22:02:04,711 werkzeug WARNING  * Debugger is active!
2025-01-27 22:02:04,713 werkzeug INFO  * Debugger PIN: 968-319-250
2025-01-27 22:02:05,921 werkzeug INFO  * Detected change in '/app/utils/parse_request.py', reloading
2025-01-27 22:02:05,972 werkzeug INFO  * Restarting with stat
2025-01-27 22:02:06,426 werkzeug WARNING  * Debugger is active!
2025-01-27 22:02:06,427 werkzeug INFO  * Debugger PIN: 968-319-250
2025-01-27 22:04:08,189 werkzeug INFO  * Detected change in '/app/utils/parse_request.py', reloading
2025-01-27 22:04:08,229 werkzeug INFO  * Restarting with stat
2025-01-27 22:04:08,599 werkzeug WARNING  * Debugger is active!
2025-01-27 22:04:08,600 werkzeug INFO  * Debugger PIN: 968-319-250
2025-01-27 22:04:17,181 werkzeug INFO  * Detected change in '/app/utils/extract_meta_data.py', reloading
2025-01-27 22:04:17,225 werkzeug INFO  * Restarting with stat
2025-01-27 22:04:17,627 werkzeug WARNING  * Debugger is active!
2025-01-27 22:04:17,628 werkzeug INFO  * Debugger PIN: 968-319-250
2025-01-27 22:13:40,093 werkzeug INFO  * Detected change in '/app/server.py', reloading
2025-01-27 22:13:40,144 werkzeug INFO  * Restarting with stat
2025-01-27 22:13:40,575 werkzeug WARNING  * Debugger is active!
2025-01-27 22:13:40,575 werkzeug INFO  * Debugger PIN: 968-319-250
2025-01-27 22:14:02,917 werkzeug INFO  * Detected change in '/app/server.py', reloading
2025-01-27 22:14:02,971 werkzeug INFO  * Restarting with stat
2025-01-27 22:14:03,361 werkzeug WARNING  * Debugger is active!
2025-01-27 22:14:03,362 werkzeug INFO  * Debugger PIN: 968-319-250
2025-01-27 22:14:06,732 werkzeug INFO  * Detected change in '/app/server.py', reloading
2025-01-27 22:14:06,785 werkzeug INFO  * Restarting with stat
2025-01-27 22:14:07,209 werkzeug WARNING  * Debugger is active!
2025-01-27 22:14:07,210 werkzeug INFO  * Debugger PIN: 968-319-250
2025-01-27 22:14:11,580 werkzeug INFO  * Detected change in '/app/server.py', reloading
2025-01-27 22:14:11,634 werkzeug INFO  * Restarting with stat
2025-01-27 22:14:12,060 werkzeug WARNING  * Debugger is active!
2025-01-27 22:14:12,061 werkzeug INFO  * Debugger PIN: 968-319-250
2025-01-27 22:14:19,615 werkzeug INFO  * Detected change in '/app/server.py', reloading
2025-01-27 22:14:19,659 werkzeug INFO  * Restarting with stat
2025-01-27 22:14:20,078 werkzeug WARNING  * Debugger is active!
2025-01-27 22:14:20,078 werkzeug INFO  * Debugger PIN: 968-319-250
2025-01-27 22:14:22,376 werkzeug INFO  * Detected change in '/app/server.py', reloading
2025-01-27 22:14:22,420 werkzeug INFO  * Restarting with stat
2025-01-27 22:14:22,789 werkzeug WARNING  * Debugger is active!
2025-01-27 22:14:22,790 werkzeug INFO  * Debugger PIN: 968-319-250
2025-01-27 22:14:31,355 werkzeug INFO  * Detected change in '/app/workers/extract_data.py', reloading
2025-01-27 22:14:31,413 werkzeug INFO  * Restarting with stat
2025-01-27 22:14:31,885 werkzeug WARNING  * Debugger is active!
2025-01-27 22:14:31,886 werkzeug INFO  * Debugger PIN: 968-319-250
2025-01-27 22:14:44,828 werkzeug INFO  * Detected change in '/app/workers/update_metadata.py', reloading
2025-01-27 22:14:44,882 werkzeug INFO  * Restarting with stat
2025-01-27 22:14:45,278 werkzeug WARNING  * Debugger is active!
2025-01-27 22:14:45,279 werkzeug INFO  * Debugger PIN: 968-319-250
2025-01-27 22:14:59,155 werkzeug INFO  * Detected change in '/app/utils/extract_meta_data.py', reloading
2025-01-27 22:14:59,203 werkzeug INFO  * Restarting with stat
2025-01-27 22:14:59,612 werkzeug WARNING  * Debugger is active!
2025-01-27 22:14:59,612 werkzeug INFO  * Debugger PIN: 968-319-250
2025-01-27 22:21:10,190 werkzeug INFO  * Detected change in '/app/utils/extract_meta_data.py', reloading
2025-01-27 22:21:10,238 werkzeug INFO  * Restarting with stat
2025-01-27 22:25:26,621 werkzeug INFO [31m[1mWARNING: This is a development server. Do not use it in a production deployment. Use a production WSGI server instead.[0m
 * Running on all addresses (0.0.0.0)
 * Running on http://127.0.0.1:5000
 * Running on http://172.24.0.2:5000
2025-01-27 22:25:26,622 werkzeug INFO [33mPress CTRL+C to quit[0m
2025-01-27 22:25:26,624 werkzeug INFO  * Restarting with stat
2025-01-27 22:25:27,026 werkzeug WARNING  * Debugger is active!
2025-01-27 22:25:27,027 werkzeug INFO  * Debugger PIN: 143-917-744
2025-01-27 22:25:36,091 werkzeug INFO 172.24.0.1 - - [27/Jan/2025 22:25:36] "[35m[1mPOST /upload HTTP/1.1[0m" 500 -
2025-01-27 22:25:48,272 werkzeug INFO  * Detected change in '/app/server.py', reloading
2025-01-27 22:25:48,309 werkzeug INFO  * Restarting with stat
2025-01-27 22:25:48,728 werkzeug WARNING  * Debugger is active!
2025-01-27 22:25:48,728 werkzeug INFO  * Debugger PIN: 143-917-744
2025-01-27 22:25:54,471 celery.utils.functional DEBUG 
def unlock_chord(self, group_id, callback, interval=0, max_retries=1, result=2, Result=3, GroupResult=4, result_from_tuple=5, **kwargs):
    return 1

2025-01-27 22:25:54,472 celery.utils.functional DEBUG 
def upload_file_to_minio(s3_client, bucket_name, key):
    return 1

2025-01-27 22:25:54,473 celery.utils.functional DEBUG 
def group(self, tasks, result, group_id, partial_args, add_to_parent=0):
    return 1

2025-01-27 22:25:54,473 celery.utils.functional DEBUG 
def update_metadata(metadata_dict):
    return 1

2025-01-27 22:25:54,474 celery.utils.functional DEBUG 
def xmap(task, it):
    return 1

2025-01-27 22:25:54,474 celery.utils.functional DEBUG 
def chain(*args, **kwargs):
    return 1

2025-01-27 22:25:54,474 celery.utils.functional DEBUG 
def xstarmap(task, it):
    return 1

2025-01-27 22:25:54,475 celery.utils.functional DEBUG 
def chord(self, header, body, partial_args=0, interval=1, countdown=2, max_retries=3, eager=4, **kwargs):
    return 1

2025-01-27 22:25:54,475 celery.utils.functional DEBUG 
def accumulate(self, *args, **kwargs):
    return 1

2025-01-27 22:25:54,476 celery.utils.functional DEBUG 
def chunks(task, it, n):
    return 1

2025-01-27 22:25:54,477 celery.utils.functional DEBUG 
def backend_cleanup():
    return 1

2025-01-27 22:25:54,482 kombu.connection WARNING No hostname was supplied. Reverting to default 'localhost'
2025-01-27 22:25:58,413 werkzeug INFO  * Detected change in '/app/server.py', reloading
2025-01-27 22:25:58,457 werkzeug INFO  * Restarting with stat
2025-01-27 22:25:58,930 werkzeug WARNING  * Debugger is active!
2025-01-27 22:25:58,931 werkzeug INFO  * Debugger PIN: 143-917-744
2025-01-27 22:26:21,349 werkzeug INFO  * Detected change in '/app/workers/update_metadata.py', reloading
2025-01-27 22:26:21,395 werkzeug INFO  * Restarting with stat
2025-01-27 22:26:21,806 werkzeug WARNING  * Debugger is active!
2025-01-27 22:26:21,807 werkzeug INFO  * Debugger PIN: 143-917-744
2025-01-27 22:26:26,162 werkzeug INFO  * Detected change in '/app/workers/update_metadata.py', reloading
2025-01-27 22:26:26,202 werkzeug INFO  * Restarting with stat
2025-01-27 22:26:26,583 werkzeug WARNING  * Debugger is active!
2025-01-27 22:26:26,584 werkzeug INFO  * Debugger PIN: 143-917-744
2025-01-27 22:26:29,874 werkzeug INFO  * Detected change in '/app/workers/update_metadata.py', reloading
2025-01-27 22:26:29,913 werkzeug INFO  * Restarting with stat
2025-01-27 22:26:30,324 werkzeug WARNING  * Debugger is active!
2025-01-27 22:26:30,325 werkzeug INFO  * Debugger PIN: 143-917-744
2025-01-27 22:26:41,083 werkzeug INFO  * Detected change in '/app/server.py', reloading
2025-01-27 22:26:41,137 werkzeug INFO  * Restarting with stat
2025-01-27 22:26:41,646 werkzeug WARNING  * Debugger is active!
2025-01-27 22:26:41,647 werkzeug INFO  * Debugger PIN: 143-917-744
2025-01-27 22:26:48,184 werkzeug INFO  * Detected change in '/app/server.py', reloading
2025-01-27 22:26:48,275 werkzeug INFO  * Restarting with stat
2025-01-27 22:26:48,927 werkzeug WARNING  * Debugger is active!
2025-01-27 22:26:48,928 werkzeug INFO  * Debugger PIN: 143-917-744
2025-01-27 22:26:53,812 celery.utils.functional DEBUG 
def unlock_chord(self, group_id, callback, interval=0, max_retries=1, result=2, Result=3, GroupResult=4, result_from_tuple=5, **kwargs):
    return 1

2025-01-27 22:26:53,813 celery.utils.functional DEBUG 
def upload_file_to_minio(s3_client, bucket_name, key):
    return 1

2025-01-27 22:26:53,814 celery.utils.functional DEBUG 
def group(self, tasks, result, group_id, partial_args, add_to_parent=0):
    return 1

2025-01-27 22:26:53,815 celery.utils.functional DEBUG 
def xmap(task, it):
    return 1

2025-01-27 22:26:53,816 celery.utils.functional DEBUG 
def chain(*args, **kwargs):
    return 1

2025-01-27 22:26:53,816 celery.utils.functional DEBUG 
def update_metadata(metadata_dict):
    return 1

2025-01-27 22:26:53,817 celery.utils.functional DEBUG 
def xstarmap(task, it):
    return 1

2025-01-27 22:26:53,818 celery.utils.functional DEBUG 
def chord(self, header, body, partial_args=0, interval=1, countdown=2, max_retries=3, eager=4, **kwargs):
    return 1

2025-01-27 22:26:53,819 celery.utils.functional DEBUG 
def accumulate(self, *args, **kwargs):
    return 1

2025-01-27 22:26:53,820 celery.utils.functional DEBUG 
def chunks(task, it, n):
    return 1

2025-01-27 22:26:53,820 celery.utils.functional DEBUG 
def backend_cleanup():
    return 1

2025-01-27 22:26:53,827 kombu.connection WARNING No hostname was supplied. Reverting to default 'localhost'
2025-01-27 22:26:59,767 werkzeug INFO  * Detected change in '/app/server.py', reloading
2025-01-27 22:26:59,813 werkzeug INFO  * Restarting with stat
2025-01-27 22:27:00,297 werkzeug WARNING  * Debugger is active!
2025-01-27 22:27:00,298 werkzeug INFO  * Debugger PIN: 143-917-744
2025-01-27 22:27:02,573 werkzeug INFO  * Detected change in '/app/server.py', reloading
2025-01-27 22:27:02,622 werkzeug INFO  * Restarting with stat
2025-01-27 22:27:03,126 werkzeug WARNING  * Debugger is active!
2025-01-27 22:27:03,127 werkzeug INFO  * Debugger PIN: 143-917-744
2025-01-27 22:27:21,550 werkzeug INFO  * Detected change in '/app/server.py', reloading
2025-01-27 22:27:21,613 werkzeug INFO  * Restarting with stat
2025-01-27 22:27:22,144 werkzeug WARNING  * Debugger is active!
2025-01-27 22:27:22,145 werkzeug INFO  * Debugger PIN: 143-917-744
2025-01-27 22:27:31,172 celery.utils.functional DEBUG 
def unlock_chord(self, group_id, callback, interval=0, max_retries=1, result=2, Result=3, GroupResult=4, result_from_tuple=5, **kwargs):
    return 1

2025-01-27 22:27:31,174 celery.utils.functional DEBUG 
def upload_file_to_minio(s3_client, bucket_name, key):
    return 1

2025-01-27 22:27:31,176 celery.utils.functional DEBUG 
def group(self, tasks, result, group_id, partial_args, add_to_parent=0):
    return 1

2025-01-27 22:27:31,177 celery.utils.functional DEBUG 
def xmap(task, it):
    return 1

2025-01-27 22:27:31,179 celery.utils.functional DEBUG 
def chain(*args, **kwargs):
    return 1

2025-01-27 22:27:31,181 celery.utils.functional DEBUG 
def xstarmap(task, it):
    return 1

2025-01-27 22:27:31,182 celery.utils.functional DEBUG 
def update_metadata(metadata_dict):
    return 1

2025-01-27 22:27:31,183 celery.utils.functional DEBUG 
def chord(self, header, body, partial_args=0, interval=1, countdown=2, max_retries=3, eager=4, **kwargs):
    return 1

2025-01-27 22:27:31,185 celery.utils.functional DEBUG 
def accumulate(self, *args, **kwargs):
    return 1

2025-01-27 22:27:31,186 celery.utils.functional DEBUG 
def chunks(task, it, n):
    return 1

2025-01-27 22:27:31,187 celery.utils.functional DEBUG 
def backend_cleanup():
    return 1

2025-01-27 22:27:31,199 kombu.connection WARNING No hostname was supplied. Reverting to default 'localhost'
2025-01-27 22:27:37,262 werkzeug INFO 172.24.0.1 - - [27/Jan/2025 22:27:37] "[35m[1mPOST /upload HTTP/1.1[0m" 500 -
2025-01-27 22:28:26,775 werkzeug INFO  * Detected change in '/app/server.py', reloading
2025-01-27 22:28:26,825 werkzeug INFO  * Restarting with stat
2025-01-27 22:28:27,215 werkzeug WARNING  * Debugger is active!
2025-01-27 22:28:27,216 werkzeug INFO  * Debugger PIN: 143-917-744
2025-01-27 22:28:31,589 werkzeug INFO  * Detected change in '/app/server.py', reloading
2025-01-27 22:28:31,645 werkzeug INFO  * Restarting with stat
2025-01-27 22:28:32,006 werkzeug WARNING  * Debugger is active!
2025-01-27 22:28:32,007 werkzeug INFO  * Debugger PIN: 143-917-744
2025-01-27 22:28:34,267 werkzeug INFO  * Detected change in '/app/server.py', reloading
2025-01-27 22:28:34,311 werkzeug INFO  * Restarting with stat
2025-01-27 22:28:34,673 werkzeug WARNING  * Debugger is active!
2025-01-27 22:28:34,674 werkzeug INFO  * Debugger PIN: 143-917-744
2025-01-27 22:28:35,851 werkzeug INFO  * Detected change in '/app/server.py', reloading
2025-01-27 22:28:35,890 werkzeug INFO  * Restarting with stat
2025-01-27 22:28:36,288 werkzeug WARNING  * Debugger is active!
2025-01-27 22:28:36,289 werkzeug INFO  * Debugger PIN: 143-917-744
2025-01-27 22:28:47,010 werkzeug INFO  * Detected change in '/app/server.py', reloading
2025-01-27 22:28:47,071 werkzeug INFO  * Restarting with stat
2025-01-27 22:28:47,455 werkzeug WARNING  * Debugger is active!
2025-01-27 22:28:47,456 werkzeug INFO  * Debugger PIN: 143-917-744
2025-01-27 22:28:49,017 celery.utils.functional DEBUG 
def unlock_chord(self, group_id, callback, interval=0, max_retries=1, result=2, Result=3, GroupResult=4, result_from_tuple=5, **kwargs):
    return 1

2025-01-27 22:28:49,019 celery.utils.functional DEBUG 
def upload_file_to_minio(s3_client, bucket_name, key):
    return 1

2025-01-27 22:28:49,019 celery.utils.functional DEBUG 
def group(self, tasks, result, group_id, partial_args, add_to_parent=0):
    return 1

2025-01-27 22:28:49,020 celery.utils.functional DEBUG 
def xmap(task, it):
    return 1

2025-01-27 22:28:49,021 celery.utils.functional DEBUG 
def chain(*args, **kwargs):
    return 1

2025-01-27 22:28:49,021 celery.utils.functional DEBUG 
def xstarmap(task, it):
    return 1

2025-01-27 22:28:49,022 celery.utils.functional DEBUG 
def chord(self, header, body, partial_args=0, interval=1, countdown=2, max_retries=3, eager=4, **kwargs):
    return 1

2025-01-27 22:28:49,022 celery.utils.functional DEBUG 
def accumulate(self, *args, **kwargs):
    return 1

2025-01-27 22:28:49,023 celery.utils.functional DEBUG 
def chunks(task, it, n):
    return 1

2025-01-27 22:28:49,024 celery.utils.functional DEBUG 
def backend_cleanup():
    return 1

2025-01-27 22:28:49,024 celery.utils.functional DEBUG 
def update_metadata(metadata_dict):
    return 1

2025-01-27 22:28:49,030 kombu.connection WARNING No hostname was supplied. Reverting to default 'localhost'
2025-01-27 22:28:55,069 werkzeug INFO 172.24.0.1 - - [27/Jan/2025 22:28:55] "[35m[1mPOST /upload HTTP/1.1[0m" 500 -
2025-01-27 22:29:50,119 werkzeug INFO  * Detected change in '/app/server.py', reloading
2025-01-27 22:29:50,191 werkzeug INFO  * Restarting with stat
2025-01-27 22:29:50,691 werkzeug WARNING  * Debugger is active!
2025-01-27 22:29:50,693 werkzeug INFO  * Debugger PIN: 143-917-744
2025-01-27 22:32:35,222 werkzeug INFO [31m[1mWARNING: This is a development server. Do not use it in a production deployment. Use a production WSGI server instead.[0m
 * Running on all addresses (0.0.0.0)
 * Running on http://127.0.0.1:5000
 * Running on http://172.24.0.2:5000
2025-01-27 22:32:35,223 werkzeug INFO [33mPress CTRL+C to quit[0m
2025-01-27 22:32:35,225 werkzeug INFO  * Restarting with stat
2025-01-27 22:32:35,592 werkzeug WARNING  * Debugger is active!
2025-01-27 22:32:35,592 werkzeug INFO  * Debugger PIN: 141-869-145
2025-01-27 22:32:52,568 werkzeug INFO [31m[1mWARNING: This is a development server. Do not use it in a production deployment. Use a production WSGI server instead.[0m
 * Running on all addresses (0.0.0.0)
 * Running on http://127.0.0.1:5000
 * Running on http://172.24.0.2:5000
2025-01-27 22:32:52,569 werkzeug INFO [33mPress CTRL+C to quit[0m
2025-01-27 22:32:52,571 werkzeug INFO  * Restarting with stat
2025-01-27 22:32:53,250 werkzeug WARNING  * Debugger is active!
2025-01-27 22:32:53,251 werkzeug INFO  * Debugger PIN: 623-300-841
2025-01-27 22:33:09,535 celery.utils.functional DEBUG 
def unlock_chord(self, group_id, callback, interval=0, max_retries=1, result=2, Result=3, GroupResult=4, result_from_tuple=5, **kwargs):
    return 1

2025-01-27 22:33:09,536 celery.utils.functional DEBUG 
def upload_file_to_minio(s3_client, bucket_name, key):
    return 1

2025-01-27 22:33:09,536 celery.utils.functional DEBUG 
def group(self, tasks, result, group_id, partial_args, add_to_parent=0):
    return 1

2025-01-27 22:33:09,537 celery.utils.functional DEBUG 
def update_metadata(metadata_dict):
    return 1

2025-01-27 22:33:09,538 celery.utils.functional DEBUG 
def xmap(task, it):
    return 1

2025-01-27 22:33:09,538 celery.utils.functional DEBUG 
def chain(*args, **kwargs):
    return 1

2025-01-27 22:33:09,539 celery.utils.functional DEBUG 
def xstarmap(task, it):
    return 1

2025-01-27 22:33:09,540 celery.utils.functional DEBUG 
def chord(self, header, body, partial_args=0, interval=1, countdown=2, max_retries=3, eager=4, **kwargs):
    return 1

2025-01-27 22:33:09,541 celery.utils.functional DEBUG 
def accumulate(self, *args, **kwargs):
    return 1

2025-01-27 22:33:09,541 celery.utils.functional DEBUG 
def chunks(task, it, n):
    return 1

2025-01-27 22:33:09,542 celery.utils.functional DEBUG 
def backend_cleanup():
    return 1

2025-01-27 22:33:09,569 werkzeug INFO 172.24.0.1 - - [27/Jan/2025 22:33:09] "[35m[1mPOST /upload HTTP/1.1[0m" 500 -
2025-01-27 22:36:05,713 werkzeug INFO [31m[1mWARNING: This is a development server. Do not use it in a production deployment. Use a production WSGI server instead.[0m
 * Running on all addresses (0.0.0.0)
 * Running on http://127.0.0.1:5000
 * Running on http://172.24.0.2:5000
2025-01-27 22:36:05,713 werkzeug INFO [33mPress CTRL+C to quit[0m
2025-01-27 22:36:05,715 werkzeug INFO  * Restarting with stat
2025-01-27 22:36:06,300 werkzeug WARNING  * Debugger is active!
2025-01-27 22:36:06,301 werkzeug INFO  * Debugger PIN: 657-553-053
2025-01-27 22:36:25,998 celery.utils.functional DEBUG 
def unlock_chord(self, group_id, callback, interval=0, max_retries=1, result=2, Result=3, GroupResult=4, result_from_tuple=5, **kwargs):
    return 1

2025-01-27 22:36:26,003 celery.utils.functional DEBUG 
def upload_file_to_minio(s3_client, bucket_name, key):
    return 1

2025-01-27 22:36:26,006 celery.utils.functional DEBUG 
def group(self, tasks, result, group_id, partial_args, add_to_parent=0):
    return 1

2025-01-27 22:36:26,009 celery.utils.functional DEBUG 
def xmap(task, it):
    return 1

2025-01-27 22:36:26,016 celery.utils.functional DEBUG 
def chain(*args, **kwargs):
    return 1

2025-01-27 22:36:26,017 celery.utils.functional DEBUG 
def update_metadata(metadata_dict):
    return 1

2025-01-27 22:36:26,019 celery.utils.functional DEBUG 
def xstarmap(task, it):
    return 1

2025-01-27 22:36:26,021 celery.utils.functional DEBUG 
def chord(self, header, body, partial_args=0, interval=1, countdown=2, max_retries=3, eager=4, **kwargs):
    return 1

2025-01-27 22:36:26,023 celery.utils.functional DEBUG 
def accumulate(self, *args, **kwargs):
    return 1

2025-01-27 22:36:26,025 celery.utils.functional DEBUG 
def chunks(task, it, n):
    return 1

2025-01-27 22:36:26,027 celery.utils.functional DEBUG 
def backend_cleanup():
    return 1

2025-01-27 22:36:38,094 celery.backends.redis ERROR Connection to Redis lost: Retry (0/20) now.
2025-01-27 22:36:41,828 celery.backends.redis ERROR Connection to Redis lost: Retry (1/20) in 1.00 second.
2025-01-27 22:36:46,640 celery.backends.redis ERROR Connection to Redis lost: Retry (2/20) in 1.00 second.
2025-01-27 22:36:51,377 celery.backends.redis ERROR Connection to Redis lost: Retry (3/20) in 1.00 second.
2025-01-27 22:36:56,207 celery.backends.redis ERROR Connection to Redis lost: Retry (4/20) in 1.00 second.
2025-01-27 22:37:00,957 celery.backends.redis ERROR Connection to Redis lost: Retry (5/20) in 1.00 second.
2025-01-27 22:37:05,816 celery.backends.redis ERROR Connection to Redis lost: Retry (6/20) in 1.00 second.
2025-01-27 22:37:10,615 celery.backends.redis ERROR Connection to Redis lost: Retry (7/20) in 1.00 second.
2025-01-27 22:37:15,497 celery.backends.redis ERROR Connection to Redis lost: Retry (8/20) in 1.00 second.
2025-01-27 22:37:20,270 celery.backends.redis ERROR Connection to Redis lost: Retry (9/20) in 1.00 second.
2025-01-27 22:37:25,057 celery.backends.redis ERROR Connection to Redis lost: Retry (10/20) in 1.00 second.
2025-01-27 22:37:29,780 celery.backends.redis ERROR Connection to Redis lost: Retry (11/20) in 1.00 second.
2025-01-27 22:37:34,495 celery.backends.redis ERROR Connection to Redis lost: Retry (12/20) in 1.00 second.
2025-01-27 22:37:39,226 celery.backends.redis ERROR Connection to Redis lost: Retry (13/20) in 1.00 second.
2025-01-27 22:37:44,157 celery.backends.redis ERROR Connection to Redis lost: Retry (14/20) in 1.00 second.
2025-01-27 22:37:48,862 celery.backends.redis ERROR Connection to Redis lost: Retry (15/20) in 1.00 second.
2025-01-27 22:37:53,866 celery.backends.redis ERROR Connection to Redis lost: Retry (16/20) in 1.00 second.
2025-01-27 22:37:58,571 celery.backends.redis ERROR Connection to Redis lost: Retry (17/20) in 1.00 second.
2025-01-27 22:38:03,300 celery.backends.redis ERROR Connection to Redis lost: Retry (18/20) in 1.00 second.
2025-01-27 22:38:08,020 celery.backends.redis ERROR Connection to Redis lost: Retry (19/20) in 1.00 second.
2025-01-27 22:38:12,747 celery.backends.redis CRITICAL 
Retry limit exceeded while trying to reconnect to the Celery redis result store backend. The Celery application must be restarted.

2025-01-27 22:38:12,765 werkzeug INFO 172.24.0.1 - - [27/Jan/2025 22:38:12] "[35m[1mPOST /upload HTTP/1.1[0m" 500 -
2025-01-27 22:38:34,020 werkzeug INFO  * Detected change in '/app/server.py', reloading
2025-01-27 22:38:34,076 werkzeug INFO  * Restarting with stat
2025-01-27 22:38:34,425 werkzeug WARNING  * Debugger is active!
2025-01-27 22:38:34,426 werkzeug INFO  * Debugger PIN: 657-553-053
2025-01-27 22:40:52,236 werkzeug INFO  * Detected change in '/app/server.py', reloading
2025-01-27 22:40:52,283 werkzeug INFO  * Restarting with stat
2025-01-27 22:40:52,684 werkzeug WARNING  * Debugger is active!
2025-01-27 22:40:52,685 werkzeug INFO  * Debugger PIN: 657-553-053
2025-01-27 22:40:53,878 werkzeug INFO  * Detected change in '/app/server.py', reloading
2025-01-27 22:40:53,920 werkzeug INFO  * Restarting with stat
2025-01-27 22:40:54,349 werkzeug WARNING  * Debugger is active!
2025-01-27 22:40:54,350 werkzeug INFO  * Debugger PIN: 657-553-053
2025-01-27 22:40:55,530 werkzeug INFO  * Detected change in '/app/server.py', reloading
2025-01-27 22:40:55,573 werkzeug INFO  * Restarting with stat
2025-01-27 22:40:55,950 werkzeug WARNING  * Debugger is active!
2025-01-27 22:40:55,951 werkzeug INFO  * Debugger PIN: 657-553-053
2025-01-27 22:40:58,199 werkzeug INFO  * Detected change in '/app/server.py', reloading
2025-01-27 22:40:58,243 werkzeug INFO  * Restarting with stat
2025-01-27 22:40:58,666 werkzeug WARNING  * Debugger is active!
2025-01-27 22:40:58,667 werkzeug INFO  * Debugger PIN: 657-553-053
2025-01-27 22:41:25,534 celery.utils.functional DEBUG 
def unlock_chord(self, group_id, callback, interval=0, max_retries=1, result=2, Result=3, GroupResult=4, result_from_tuple=5, **kwargs):
    return 1

2025-01-27 22:41:25,535 celery.utils.functional DEBUG 
def upload_file_to_minio(s3_client, bucket_name, key):
    return 1

2025-01-27 22:41:25,535 celery.utils.functional DEBUG 
def group(self, tasks, result, group_id, partial_args, add_to_parent=0):
    return 1

2025-01-27 22:41:25,536 celery.utils.functional DEBUG 
def xmap(task, it):
    return 1

2025-01-27 22:41:25,536 celery.utils.functional DEBUG 
def chain(*args, **kwargs):
    return 1

2025-01-27 22:41:25,537 celery.utils.functional DEBUG 
def xstarmap(task, it):
    return 1

2025-01-27 22:41:25,537 celery.utils.functional DEBUG 
def chord(self, header, body, partial_args=0, interval=1, countdown=2, max_retries=3, eager=4, **kwargs):
    return 1

2025-01-27 22:41:25,538 celery.utils.functional DEBUG 
def accumulate(self, *args, **kwargs):
    return 1

2025-01-27 22:41:25,538 celery.utils.functional DEBUG 
def chunks(task, it, n):
    return 1

2025-01-27 22:41:25,539 celery.utils.functional DEBUG 
def backend_cleanup():
    return 1

2025-01-27 22:41:25,540 celery.utils.functional DEBUG 
def update_metadata(metadata_dict):
    return 1

2025-01-27 22:41:37,151 celery.backends.redis ERROR Connection to Redis lost: Retry (0/20) now.
2025-01-27 22:41:40,878 celery.backends.redis ERROR Connection to Redis lost: Retry (1/20) in 1.00 second.
2025-01-27 22:41:45,802 celery.backends.redis ERROR Connection to Redis lost: Retry (2/20) in 1.00 second.
2025-01-27 22:41:50,506 celery.backends.redis ERROR Connection to Redis lost: Retry (3/20) in 1.00 second.
2025-01-27 22:41:55,258 celery.backends.redis ERROR Connection to Redis lost: Retry (4/20) in 1.00 second.
2025-01-27 22:41:59,964 celery.backends.redis ERROR Connection to Redis lost: Retry (5/20) in 1.00 second.
2025-01-27 22:42:04,684 celery.backends.redis ERROR Connection to Redis lost: Retry (6/20) in 1.00 second.
2025-01-27 22:42:09,413 celery.backends.redis ERROR Connection to Redis lost: Retry (7/20) in 1.00 second.
2025-01-27 22:42:14,275 celery.backends.redis ERROR Connection to Redis lost: Retry (8/20) in 1.00 second.
2025-01-27 22:42:18,989 celery.backends.redis ERROR Connection to Redis lost: Retry (9/20) in 1.00 second.
2025-01-27 22:42:23,742 celery.backends.redis ERROR Connection to Redis lost: Retry (10/20) in 1.00 second.
2025-01-27 22:42:28,456 celery.backends.redis ERROR Connection to Redis lost: Retry (11/20) in 1.00 second.
2025-01-27 22:42:33,183 celery.backends.redis ERROR Connection to Redis lost: Retry (12/20) in 1.00 second.
2025-01-27 22:42:37,885 celery.backends.redis ERROR Connection to Redis lost: Retry (13/20) in 1.00 second.
2025-01-27 22:42:42,621 celery.backends.redis ERROR Connection to Redis lost: Retry (14/20) in 1.00 second.
2025-01-27 22:42:47,321 celery.backends.redis ERROR Connection to Redis lost: Retry (15/20) in 1.00 second.
2025-01-27 22:42:52,071 celery.backends.redis ERROR Connection to Redis lost: Retry (16/20) in 1.00 second.
2025-01-27 22:42:56,792 celery.backends.redis ERROR Connection to Redis lost: Retry (17/20) in 1.00 second.
2025-01-27 22:43:01,528 celery.backends.redis ERROR Connection to Redis lost: Retry (18/20) in 1.00 second.
2025-01-27 22:43:06,232 celery.backends.redis ERROR Connection to Redis lost: Retry (19/20) in 1.00 second.
2025-01-27 22:43:10,978 celery.backends.redis CRITICAL 
Retry limit exceeded while trying to reconnect to the Celery redis result store backend. The Celery application must be restarted.

2025-01-27 22:43:11,002 werkzeug INFO 172.24.0.1 - - [27/Jan/2025 22:43:11] "[35m[1mPOST /upload HTTP/1.1[0m" 500 -
2025-01-27 22:43:41,641 werkzeug INFO  * Detected change in '/app/server.py', reloading
2025-01-27 22:43:41,741 werkzeug INFO  * Restarting with stat
2025-01-27 22:43:42,233 werkzeug WARNING  * Debugger is active!
2025-01-27 22:43:42,235 werkzeug INFO  * Debugger PIN: 657-553-053
2025-01-27 22:43:58,280 werkzeug INFO  * Detected change in '/app/server.py', reloading
2025-01-27 22:43:58,327 werkzeug INFO  * Restarting with stat
2025-01-27 22:43:58,696 werkzeug WARNING  * Debugger is active!
2025-01-27 22:43:58,697 werkzeug INFO  * Debugger PIN: 657-553-053
2025-01-27 22:44:03,057 werkzeug INFO  * Detected change in '/app/server.py', reloading
2025-01-27 22:44:03,096 werkzeug INFO  * Restarting with stat
2025-01-27 22:44:03,455 werkzeug WARNING  * Debugger is active!
2025-01-27 22:44:03,456 werkzeug INFO  * Debugger PIN: 657-553-053
2025-01-27 22:44:04,663 werkzeug INFO  * Detected change in '/app/server.py', reloading
2025-01-27 22:44:04,710 werkzeug INFO  * Restarting with stat
2025-01-27 22:44:05,047 werkzeug WARNING  * Debugger is active!
2025-01-27 22:44:05,049 werkzeug INFO  * Debugger PIN: 657-553-053
2025-01-27 22:46:35,195 werkzeug INFO [31m[1mWARNING: This is a development server. Do not use it in a production deployment. Use a production WSGI server instead.[0m
 * Running on all addresses (0.0.0.0)
 * Running on http://127.0.0.1:5000
 * Running on http://172.24.0.2:5000
2025-01-27 22:46:35,195 werkzeug INFO [33mPress CTRL+C to quit[0m
2025-01-27 22:46:35,198 werkzeug INFO  * Restarting with stat
2025-01-27 22:46:35,770 werkzeug WARNING  * Debugger is active!
2025-01-27 22:46:35,772 werkzeug INFO  * Debugger PIN: 134-729-430
2025-01-27 22:46:44,905 celery.utils.functional DEBUG 
def unlock_chord(self, group_id, callback, interval=0, max_retries=1, result=2, Result=3, GroupResult=4, result_from_tuple=5, **kwargs):
    return 1

2025-01-27 22:46:44,906 celery.utils.functional DEBUG 
def upload_file_to_minio(s3_client, bucket_name, key):
    return 1

2025-01-27 22:46:44,907 celery.utils.functional DEBUG 
def group(self, tasks, result, group_id, partial_args, add_to_parent=0):
    return 1

2025-01-27 22:46:44,907 celery.utils.functional DEBUG 
def xmap(task, it):
    return 1

2025-01-27 22:46:44,908 celery.utils.functional DEBUG 
def chain(*args, **kwargs):
    return 1

2025-01-27 22:46:44,909 celery.utils.functional DEBUG 
def update_metadata(metadata_dict):
    return 1

2025-01-27 22:46:44,909 celery.utils.functional DEBUG 
def xstarmap(task, it):
    return 1

2025-01-27 22:46:44,910 celery.utils.functional DEBUG 
def chord(self, header, body, partial_args=0, interval=1, countdown=2, max_retries=3, eager=4, **kwargs):
    return 1

2025-01-27 22:46:44,911 celery.utils.functional DEBUG 
def accumulate(self, *args, **kwargs):
    return 1

2025-01-27 22:46:44,912 celery.utils.functional DEBUG 
def chunks(task, it, n):
    return 1

2025-01-27 22:46:44,912 celery.utils.functional DEBUG 
def backend_cleanup():
    return 1

2025-01-27 22:46:56,695 celery.backends.redis ERROR Connection to Redis lost: Retry (0/20) now.
2025-01-27 22:47:00,398 celery.backends.redis ERROR Connection to Redis lost: Retry (1/20) in 1.00 second.
2025-01-27 22:47:05,159 celery.backends.redis ERROR Connection to Redis lost: Retry (2/20) in 1.00 second.
2025-01-27 22:47:09,872 celery.backends.redis ERROR Connection to Redis lost: Retry (3/20) in 1.00 second.
2025-01-27 22:47:14,827 celery.backends.redis ERROR Connection to Redis lost: Retry (4/20) in 1.00 second.
2025-01-27 22:47:19,565 celery.backends.redis ERROR Connection to Redis lost: Retry (5/20) in 1.00 second.
2025-01-27 22:47:24,292 celery.backends.redis ERROR Connection to Redis lost: Retry (6/20) in 1.00 second.
2025-01-27 22:47:29,009 celery.backends.redis ERROR Connection to Redis lost: Retry (7/20) in 1.00 second.
2025-01-27 22:47:33,765 celery.backends.redis ERROR Connection to Redis lost: Retry (8/20) in 1.00 second.
2025-01-27 22:47:38,471 celery.backends.redis ERROR Connection to Redis lost: Retry (9/20) in 1.00 second.
2025-01-27 22:47:43,197 celery.backends.redis ERROR Connection to Redis lost: Retry (10/20) in 1.00 second.
2025-01-27 22:47:47,913 celery.backends.redis ERROR Connection to Redis lost: Retry (11/20) in 1.00 second.
2025-01-27 22:47:52,636 celery.backends.redis ERROR Connection to Redis lost: Retry (12/20) in 1.00 second.
2025-01-27 22:47:57,367 celery.backends.redis ERROR Connection to Redis lost: Retry (13/20) in 1.00 second.
2025-01-27 22:48:02,096 celery.backends.redis ERROR Connection to Redis lost: Retry (14/20) in 1.00 second.
2025-01-27 22:48:06,816 celery.backends.redis ERROR Connection to Redis lost: Retry (15/20) in 1.00 second.
2025-01-27 22:48:11,582 celery.backends.redis ERROR Connection to Redis lost: Retry (16/20) in 1.00 second.
2025-01-27 22:48:16,312 celery.backends.redis ERROR Connection to Redis lost: Retry (17/20) in 1.00 second.
2025-01-27 22:48:21,066 celery.backends.redis ERROR Connection to Redis lost: Retry (18/20) in 1.00 second.
2025-01-27 22:48:25,796 celery.backends.redis ERROR Connection to Redis lost: Retry (19/20) in 1.00 second.
2025-01-27 22:48:30,545 celery.backends.redis CRITICAL 
Retry limit exceeded while trying to reconnect to the Celery redis result store backend. The Celery application must be restarted.

2025-01-27 22:48:30,562 werkzeug INFO 172.24.0.1 - - [27/Jan/2025 22:48:30] "[35m[1mPOST /upload HTTP/1.1[0m" 500 -
2025-01-27 22:51:15,082 werkzeug INFO [31m[1mWARNING: This is a development server. Do not use it in a production deployment. Use a production WSGI server instead.[0m
 * Running on all addresses (0.0.0.0)
 * Running on http://127.0.0.1:5000
 * Running on http://172.24.0.2:5000
2025-01-27 22:51:15,083 werkzeug INFO [33mPress CTRL+C to quit[0m
2025-01-27 22:51:15,085 werkzeug INFO  * Restarting with stat
2025-01-27 22:51:15,613 werkzeug WARNING  * Debugger is active!
2025-01-27 22:51:15,614 werkzeug INFO  * Debugger PIN: 118-859-579
2025-01-27 22:51:20,762 celery.utils.functional DEBUG 
def unlock_chord(self, group_id, callback, interval=0, max_retries=1, result=2, Result=3, GroupResult=4, result_from_tuple=5, **kwargs):
    return 1

2025-01-27 22:51:20,763 celery.utils.functional DEBUG 
def upload_file_to_minio(s3_client, bucket_name, key):
    return 1

2025-01-27 22:51:20,765 celery.utils.functional DEBUG 
def group(self, tasks, result, group_id, partial_args, add_to_parent=0):
    return 1

2025-01-27 22:51:20,766 celery.utils.functional DEBUG 
def xmap(task, it):
    return 1

2025-01-27 22:51:20,767 celery.utils.functional DEBUG 
def chain(*args, **kwargs):
    return 1

2025-01-27 22:51:20,769 celery.utils.functional DEBUG 
def xstarmap(task, it):
    return 1

2025-01-27 22:51:20,770 celery.utils.functional DEBUG 
def update_metadata(metadata_dict):
    return 1

2025-01-27 22:51:20,771 celery.utils.functional DEBUG 
def chord(self, header, body, partial_args=0, interval=1, countdown=2, max_retries=3, eager=4, **kwargs):
    return 1

2025-01-27 22:51:20,773 celery.utils.functional DEBUG 
def accumulate(self, *args, **kwargs):
    return 1

2025-01-27 22:51:20,774 celery.utils.functional DEBUG 
def chunks(task, it, n):
    return 1

2025-01-27 22:51:20,775 celery.utils.functional DEBUG 
def backend_cleanup():
    return 1

2025-01-27 22:51:32,618 celery.backends.redis ERROR Connection to Redis lost: Retry (0/20) now.
2025-01-27 22:51:36,330 celery.backends.redis ERROR Connection to Redis lost: Retry (1/20) in 1.00 second.
2025-01-27 22:51:37,211 werkzeug INFO  * Detected change in '/app/server.py', reloading
2025-01-27 22:51:37,346 werkzeug INFO  * Restarting with stat
2025-01-27 22:51:38,481 werkzeug WARNING  * Debugger is active!
2025-01-27 22:51:38,483 werkzeug INFO  * Debugger PIN: 118-859-579
2025-01-27 22:51:41,378 werkzeug INFO  * Detected change in '/app/server.py', reloading
2025-01-27 22:51:41,450 werkzeug INFO  * Restarting with stat
2025-01-27 22:51:42,079 werkzeug WARNING  * Debugger is active!
2025-01-27 22:51:42,160 werkzeug INFO  * Debugger PIN: 118-859-579
2025-01-27 22:51:43,365 werkzeug INFO  * Detected change in '/app/server.py', reloading
2025-01-27 22:51:43,423 werkzeug INFO  * Restarting with stat
2025-01-27 22:51:44,066 werkzeug WARNING  * Debugger is active!
2025-01-27 22:51:44,067 werkzeug INFO  * Debugger PIN: 118-859-579
2025-01-27 22:53:40,479 werkzeug INFO  * Detected change in '/app/server.py', reloading
2025-01-27 22:53:40,527 werkzeug INFO  * Restarting with stat
2025-01-27 22:53:40,910 werkzeug WARNING  * Debugger is active!
2025-01-27 22:53:40,910 werkzeug INFO  * Debugger PIN: 118-859-579
2025-01-27 22:53:42,109 werkzeug INFO  * Detected change in '/app/server.py', reloading
2025-01-27 22:53:42,156 werkzeug INFO  * Restarting with stat
2025-01-27 22:53:42,509 werkzeug WARNING  * Debugger is active!
2025-01-27 22:53:42,510 werkzeug INFO  * Debugger PIN: 118-859-579
2025-01-27 22:53:54,313 werkzeug INFO  * Detected change in '/app/server.py', reloading
2025-01-27 22:53:54,383 werkzeug INFO  * Restarting with stat
2025-01-27 22:53:54,858 werkzeug WARNING  * Debugger is active!
2025-01-27 22:53:54,859 werkzeug INFO  * Debugger PIN: 118-859-579
2025-01-27 22:53:56,361 celery.utils.functional DEBUG 
def unlock_chord(self, group_id, callback, interval=0, max_retries=1, result=2, Result=3, GroupResult=4, result_from_tuple=5, **kwargs):
    return 1

2025-01-27 22:53:56,362 celery.utils.functional DEBUG 
def upload_file_to_minio(s3_client, bucket_name, key):
    return 1

2025-01-27 22:53:56,362 celery.utils.functional DEBUG 
def group(self, tasks, result, group_id, partial_args, add_to_parent=0):
    return 1

2025-01-27 22:53:56,363 celery.utils.functional DEBUG 
def update_metadata(metadata_dict):
    return 1

2025-01-27 22:53:56,363 celery.utils.functional DEBUG 
def xmap(task, it):
    return 1

2025-01-27 22:53:56,364 celery.utils.functional DEBUG 
def chain(*args, **kwargs):
    return 1

2025-01-27 22:53:56,365 celery.utils.functional DEBUG 
def xstarmap(task, it):
    return 1

2025-01-27 22:53:56,365 celery.utils.functional DEBUG 
def chord(self, header, body, partial_args=0, interval=1, countdown=2, max_retries=3, eager=4, **kwargs):
    return 1

2025-01-27 22:53:56,366 celery.utils.functional DEBUG 
def accumulate(self, *args, **kwargs):
    return 1

2025-01-27 22:53:56,367 celery.utils.functional DEBUG 
def chunks(task, it, n):
    return 1

2025-01-27 22:53:56,368 celery.utils.functional DEBUG 
def backend_cleanup():
    return 1

2025-01-27 22:54:08,000 celery.backends.redis ERROR Connection to Redis lost: Retry (0/20) now.
2025-01-27 22:54:11,722 celery.backends.redis ERROR Connection to Redis lost: Retry (1/20) in 1.00 second.
2025-01-27 22:54:16,465 celery.backends.redis ERROR Connection to Redis lost: Retry (2/20) in 1.00 second.
2025-01-27 22:54:21,183 celery.backends.redis ERROR Connection to Redis lost: Retry (3/20) in 1.00 second.
2025-01-27 22:54:25,932 celery.backends.redis ERROR Connection to Redis lost: Retry (4/20) in 1.00 second.
2025-01-27 22:54:30,049 werkzeug INFO  * Detected change in '/app/server.py', reloading
2025-01-27 22:54:30,128 werkzeug INFO  * Restarting with stat
2025-01-27 22:54:30,555 werkzeug WARNING  * Debugger is active!
2025-01-27 22:54:30,556 werkzeug INFO  * Debugger PIN: 118-859-579
2025-01-27 22:55:06,868 werkzeug INFO  * Detected change in '/app/worker.py', reloading
2025-01-27 22:55:06,930 werkzeug INFO  * Restarting with stat
2025-01-27 22:55:07,456 werkzeug WARNING  * Debugger is active!
2025-01-27 22:55:07,520 werkzeug INFO  * Debugger PIN: 118-859-579
2025-01-27 22:55:10,917 werkzeug INFO  * Detected change in '/app/worker.py', reloading
2025-01-27 22:55:10,998 werkzeug INFO  * Restarting with stat
2025-01-27 22:55:11,637 werkzeug WARNING  * Debugger is active!
2025-01-27 22:55:11,638 werkzeug INFO  * Debugger PIN: 118-859-579
2025-01-27 22:55:14,971 werkzeug INFO  * Detected change in '/app/worker.py', reloading
2025-01-27 22:55:15,029 werkzeug INFO  * Restarting with stat
2025-01-27 22:55:15,604 werkzeug WARNING  * Debugger is active!
2025-01-27 22:55:15,605 werkzeug INFO  * Debugger PIN: 118-859-579
2025-01-27 22:55:18,964 werkzeug INFO  * Detected change in '/app/worker.py', reloading
2025-01-27 22:55:19,007 werkzeug INFO  * Restarting with stat
2025-01-27 22:55:19,386 werkzeug WARNING  * Debugger is active!
2025-01-27 22:55:19,387 werkzeug INFO  * Debugger PIN: 118-859-579
2025-01-27 22:55:23,754 werkzeug INFO  * Detected change in '/app/worker.py', reloading
2025-01-27 22:55:23,795 werkzeug INFO  * Restarting with stat
2025-01-27 22:55:24,203 werkzeug WARNING  * Debugger is active!
2025-01-27 22:55:24,204 werkzeug INFO  * Debugger PIN: 118-859-579
2025-01-27 22:55:25,415 werkzeug INFO  * Detected change in '/app/worker.py', reloading
2025-01-27 22:55:25,467 werkzeug INFO  * Restarting with stat
2025-01-27 22:55:25,987 werkzeug WARNING  * Debugger is active!
2025-01-27 22:55:25,988 werkzeug INFO  * Debugger PIN: 118-859-579
2025-01-27 22:55:27,221 werkzeug INFO  * Detected change in '/app/worker.py', reloading
2025-01-27 22:55:27,300 werkzeug INFO  * Restarting with stat
2025-01-27 22:55:27,875 werkzeug WARNING  * Debugger is active!
2025-01-27 22:55:27,876 werkzeug INFO  * Debugger PIN: 118-859-579
2025-01-27 22:55:57,810 werkzeug INFO  * Detected change in '/app/worker.py', reloading
2025-01-27 22:55:57,858 werkzeug INFO  * Restarting with stat
2025-01-27 22:55:58,235 werkzeug WARNING  * Debugger is active!
2025-01-27 22:55:58,236 werkzeug INFO  * Debugger PIN: 118-859-579
2025-01-27 22:56:01,524 werkzeug INFO  * Detected change in '/app/worker.py', reloading
2025-01-27 22:56:01,571 werkzeug INFO  * Restarting with stat
2025-01-27 22:56:01,966 werkzeug WARNING  * Debugger is active!
2025-01-27 22:56:01,967 werkzeug INFO  * Debugger PIN: 118-859-579
2025-01-27 22:56:12,693 werkzeug INFO  * Detected change in '/app/workers/update_metadata.py', reloading
2025-01-27 22:56:12,742 werkzeug INFO  * Restarting with stat
2025-01-27 22:56:13,124 werkzeug WARNING  * Debugger is active!
2025-01-27 22:56:13,125 werkzeug INFO  * Debugger PIN: 118-859-579
2025-01-27 22:56:15,364 werkzeug INFO  * Detected change in '/app/workers/update_metadata.py', reloading
2025-01-27 22:56:15,413 werkzeug INFO  * Restarting with stat
2025-01-27 22:56:15,792 werkzeug WARNING  * Debugger is active!
2025-01-27 22:56:15,793 werkzeug INFO  * Debugger PIN: 118-859-579
2025-01-27 22:56:21,215 werkzeug INFO  * Detected change in '/app/worker.py', reloading
2025-01-27 22:56:21,263 werkzeug INFO  * Restarting with stat
2025-01-27 22:56:21,594 werkzeug WARNING  * Debugger is active!
2025-01-27 22:56:21,595 werkzeug INFO  * Debugger PIN: 118-859-579
2025-01-27 22:56:24,868 werkzeug INFO  * Detected change in '/app/worker.py', reloading
2025-01-27 22:56:24,912 werkzeug INFO  * Restarting with stat
2025-01-27 22:56:25,274 werkzeug WARNING  * Debugger is active!
2025-01-27 22:56:25,274 werkzeug INFO  * Debugger PIN: 118-859-579
2025-01-27 22:56:26,454 werkzeug INFO  * Detected change in '/app/worker.py', reloading
2025-01-27 22:56:26,496 werkzeug INFO  * Restarting with stat
2025-01-27 22:56:26,841 werkzeug WARNING  * Debugger is active!
2025-01-27 22:56:26,842 werkzeug INFO  * Debugger PIN: 118-859-579
2025-01-27 22:56:29,118 werkzeug INFO  * Detected change in '/app/worker.py', reloading
2025-01-27 22:56:29,159 werkzeug INFO  * Restarting with stat
2025-01-27 22:56:29,505 werkzeug WARNING  * Debugger is active!
2025-01-27 22:56:29,506 werkzeug INFO  * Debugger PIN: 118-859-579
2025-01-27 22:56:32,807 werkzeug INFO  * Detected change in '/app/worker.py', reloading
2025-01-27 22:56:32,848 werkzeug INFO  * Restarting with stat
2025-01-27 22:56:33,213 werkzeug WARNING  * Debugger is active!
2025-01-27 22:56:33,214 werkzeug INFO  * Debugger PIN: 118-859-579
2025-01-27 22:56:35,460 werkzeug INFO  * Detected change in '/app/worker.py', reloading
2025-01-27 22:56:35,498 werkzeug INFO  * Restarting with stat
2025-01-27 22:56:35,852 werkzeug WARNING  * Debugger is active!
2025-01-27 22:56:35,853 werkzeug INFO  * Debugger PIN: 118-859-579
2025-01-27 22:56:39,138 werkzeug INFO  * Detected change in '/app/worker.py', reloading
2025-01-27 22:56:39,177 werkzeug INFO  * Restarting with stat
2025-01-27 22:56:39,551 werkzeug WARNING  * Debugger is active!
2025-01-27 22:56:39,552 werkzeug INFO  * Debugger PIN: 118-859-579
2025-01-27 22:56:39,681 werkzeug INFO  * Detected change in '/app/worker.py', reloading
2025-01-27 22:56:39,730 werkzeug INFO  * Restarting with stat
2025-01-27 22:56:40,096 werkzeug WARNING  * Debugger is active!
2025-01-27 22:56:40,097 werkzeug INFO  * Debugger PIN: 118-859-579
2025-01-27 22:56:40,233 werkzeug INFO  * Detected change in '/app/worker.py', reloading
2025-01-27 22:56:40,284 werkzeug INFO  * Restarting with stat
2025-01-27 22:56:40,640 werkzeug WARNING  * Debugger is active!
2025-01-27 22:56:40,641 werkzeug INFO  * Debugger PIN: 118-859-579
2025-01-27 22:56:44,991 werkzeug INFO  * Detected change in '/app/worker.py', reloading
2025-01-27 22:56:45,030 werkzeug INFO  * Restarting with stat
2025-01-27 22:56:45,387 werkzeug WARNING  * Debugger is active!
2025-01-27 22:56:45,388 werkzeug INFO  * Debugger PIN: 118-859-579
2025-01-27 22:56:48,699 werkzeug INFO  * Detected change in '/app/worker.py', reloading
2025-01-27 22:56:48,742 werkzeug INFO  * Restarting with stat
2025-01-27 22:56:49,102 werkzeug WARNING  * Debugger is active!
2025-01-27 22:56:49,104 werkzeug INFO  * Debugger PIN: 118-859-579
2025-01-27 22:56:53,455 werkzeug INFO  * Detected change in '/app/worker.py', reloading
2025-01-27 22:56:53,552 werkzeug INFO  * Restarting with stat
2025-01-27 22:56:53,898 werkzeug WARNING  * Debugger is active!
2025-01-27 22:56:53,899 werkzeug INFO  * Debugger PIN: 118-859-579
2025-01-27 22:56:56,168 werkzeug INFO  * Detected change in '/app/worker.py', reloading
2025-01-27 22:56:56,211 werkzeug INFO  * Restarting with stat
2025-01-27 22:56:56,561 werkzeug WARNING  * Debugger is active!
2025-01-27 22:56:56,562 werkzeug INFO  * Debugger PIN: 118-859-579
2025-01-27 22:56:59,854 werkzeug INFO  * Detected change in '/app/worker.py', reloading
2025-01-27 22:56:59,973 werkzeug INFO  * Restarting with stat
2025-01-27 22:57:00,379 werkzeug WARNING  * Debugger is active!
2025-01-27 22:57:00,380 werkzeug INFO  * Debugger PIN: 118-859-579
2025-01-27 22:57:01,559 werkzeug INFO  * Detected change in '/app/worker.py', reloading
2025-01-27 22:57:01,606 werkzeug INFO  * Restarting with stat
2025-01-27 22:57:01,956 werkzeug WARNING  * Debugger is active!
2025-01-27 22:57:01,957 werkzeug INFO  * Debugger PIN: 118-859-579
2025-01-27 22:57:26,439 werkzeug INFO  * Detected change in '/app/server.py', reloading
2025-01-27 22:57:26,479 werkzeug INFO  * Restarting with stat
2025-01-27 22:57:26,780 werkzeug WARNING  * Debugger is active!
2025-01-27 22:57:26,780 werkzeug INFO  * Debugger PIN: 118-859-579
2025-01-27 22:57:31,097 werkzeug INFO  * Detected change in '/app/server.py', reloading
2025-01-27 22:57:31,128 werkzeug INFO  * Restarting with stat
2025-01-27 22:58:24,535 werkzeug INFO [31m[1mWARNING: This is a development server. Do not use it in a production deployment. Use a production WSGI server instead.[0m
 * Running on all addresses (0.0.0.0)
 * Running on http://127.0.0.1:5000
 * Running on http://172.24.0.2:5000
2025-01-27 22:58:24,536 werkzeug INFO [33mPress CTRL+C to quit[0m
2025-01-27 22:58:24,538 werkzeug INFO  * Restarting with stat
2025-01-27 22:58:25,087 werkzeug WARNING  * Debugger is active!
2025-01-27 22:58:25,089 werkzeug INFO  * Debugger PIN: 118-859-579
2025-01-27 22:58:28,460 werkzeug INFO  * Detected change in '/app/server.py', reloading
2025-01-27 22:58:28,501 werkzeug INFO  * Restarting with stat
2025-01-27 22:58:28,917 werkzeug WARNING  * Debugger is active!
2025-01-27 22:58:28,919 werkzeug INFO  * Debugger PIN: 118-859-579
2025-01-27 22:58:44,784 celery.backends.redis ERROR Connection to Redis lost: Retry (0/20) now.
2025-01-27 22:58:48,493 celery.backends.redis ERROR Connection to Redis lost: Retry (1/20) in 1.00 second.
2025-01-27 22:58:53,497 celery.backends.redis ERROR Connection to Redis lost: Retry (2/20) in 1.00 second.
2025-01-27 22:58:58,209 celery.backends.redis ERROR Connection to Redis lost: Retry (3/20) in 1.00 second.
2025-01-27 22:59:02,956 celery.backends.redis ERROR Connection to Redis lost: Retry (4/20) in 1.00 second.
2025-01-27 22:59:07,684 celery.backends.redis ERROR Connection to Redis lost: Retry (5/20) in 1.00 second.
2025-01-27 22:59:12,512 celery.backends.redis ERROR Connection to Redis lost: Retry (6/20) in 1.00 second.
2025-01-27 22:59:17,239 celery.backends.redis ERROR Connection to Redis lost: Retry (7/20) in 1.00 second.
2025-01-27 22:59:21,981 celery.backends.redis ERROR Connection to Redis lost: Retry (8/20) in 1.00 second.
2025-01-27 22:59:26,705 celery.backends.redis ERROR Connection to Redis lost: Retry (9/20) in 1.00 second.
2025-01-27 22:59:31,460 celery.backends.redis ERROR Connection to Redis lost: Retry (10/20) in 1.00 second.
2025-01-27 22:59:36,163 celery.backends.redis ERROR Connection to Redis lost: Retry (11/20) in 1.00 second.
2025-01-27 22:59:40,916 celery.backends.redis ERROR Connection to Redis lost: Retry (12/20) in 1.00 second.
2025-01-27 22:59:45,613 celery.backends.redis ERROR Connection to Redis lost: Retry (13/20) in 1.00 second.
2025-01-27 22:59:50,358 celery.backends.redis ERROR Connection to Redis lost: Retry (14/20) in 1.00 second.
2025-01-27 22:59:55,081 celery.backends.redis ERROR Connection to Redis lost: Retry (15/20) in 1.00 second.
2025-01-27 22:59:59,806 celery.backends.redis ERROR Connection to Redis lost: Retry (16/20) in 1.00 second.
2025-01-27 23:00:04,521 celery.backends.redis ERROR Connection to Redis lost: Retry (17/20) in 1.00 second.
2025-01-27 23:00:09,264 celery.backends.redis ERROR Connection to Redis lost: Retry (18/20) in 1.00 second.
2025-01-27 23:00:13,989 celery.backends.redis ERROR Connection to Redis lost: Retry (19/20) in 1.00 second.
2025-01-27 23:00:18,738 celery.backends.redis CRITICAL 
Retry limit exceeded while trying to reconnect to the Celery redis result store backend. The Celery application must be restarted.

2025-01-27 23:00:18,758 werkzeug INFO 172.24.0.1 - - [27/Jan/2025 23:00:18] "[35m[1mPOST /upload HTTP/1.1[0m" 500 -
2025-01-27 23:01:48,822 werkzeug INFO [31m[1mWARNING: This is a development server. Do not use it in a production deployment. Use a production WSGI server instead.[0m
 * Running on all addresses (0.0.0.0)
 * Running on http://127.0.0.1:5000
 * Running on http://172.24.0.2:5000
2025-01-27 23:01:48,823 werkzeug INFO [33mPress CTRL+C to quit[0m
2025-01-27 23:01:48,825 werkzeug INFO  * Restarting with stat
2025-01-27 23:01:49,367 werkzeug WARNING  * Debugger is active!
2025-01-27 23:01:49,368 werkzeug INFO  * Debugger PIN: 100-419-207
2025-01-27 23:08:55,632 werkzeug INFO [31m[1mWARNING: This is a development server. Do not use it in a production deployment. Use a production WSGI server instead.[0m
 * Running on all addresses (0.0.0.0)
 * Running on http://127.0.0.1:5000
 * Running on http://172.24.0.2:5000
2025-01-27 23:08:55,634 werkzeug INFO [33mPress CTRL+C to quit[0m
2025-01-27 23:08:55,640 werkzeug INFO  * Restarting with stat
2025-01-27 23:08:56,779 werkzeug WARNING  * Debugger is active!
2025-01-27 23:08:56,781 werkzeug INFO  * Debugger PIN: 107-463-128
2025-01-27 23:09:06,775 werkzeug INFO 172.24.0.1 - - [27/Jan/2025 23:09:06] "[35m[1mPOST /upload HTTP/1.1[0m" 500 -
2025-01-27 23:09:25,138 werkzeug INFO  * Detected change in '/app/server.py', reloading
2025-01-27 23:09:25,180 werkzeug INFO  * Restarting with stat
2025-01-27 23:09:25,634 werkzeug WARNING  * Debugger is active!
2025-01-27 23:09:25,635 werkzeug INFO  * Debugger PIN: 107-463-128
2025-01-27 23:09:36,382 werkzeug INFO  * Detected change in '/app/server.py', reloading
2025-01-27 23:09:36,424 werkzeug INFO  * Restarting with stat
2025-01-27 23:09:36,770 werkzeug WARNING  * Debugger is active!
2025-01-27 23:09:36,771 werkzeug INFO  * Debugger PIN: 107-463-128
2025-01-27 23:09:42,924 werkzeug INFO 172.24.0.1 - - [27/Jan/2025 23:09:42] "[35m[1mPOST /upload HTTP/1.1[0m" 500 -
2025-01-27 23:10:32,973 werkzeug INFO [31m[1mWARNING: This is a development server. Do not use it in a production deployment. Use a production WSGI server instead.[0m
 * Running on all addresses (0.0.0.0)
 * Running on http://127.0.0.1:5000
 * Running on http://172.24.0.2:5000
2025-01-27 23:10:32,974 werkzeug INFO [33mPress CTRL+C to quit[0m
2025-01-27 23:10:32,975 werkzeug INFO  * Restarting with stat
2025-01-27 23:10:33,272 werkzeug WARNING  * Debugger is active!
2025-01-27 23:10:33,273 werkzeug INFO  * Debugger PIN: 106-874-770
2025-01-27 23:10:46,685 celery.backends.redis ERROR Connection to Redis lost: Retry (0/20) now.
2025-01-27 23:10:50,394 celery.backends.redis ERROR Connection to Redis lost: Retry (1/20) in 1.00 second.
2025-01-27 23:10:55,398 celery.backends.redis ERROR Connection to Redis lost: Retry (2/20) in 1.00 second.
2025-01-27 23:11:00,111 celery.backends.redis ERROR Connection to Redis lost: Retry (3/20) in 1.00 second.
2025-01-27 23:11:05,062 celery.backends.redis ERROR Connection to Redis lost: Retry (4/20) in 1.00 second.
2025-01-27 23:11:09,775 celery.backends.redis ERROR Connection to Redis lost: Retry (5/20) in 1.00 second.
2025-01-27 23:11:14,520 celery.backends.redis ERROR Connection to Redis lost: Retry (6/20) in 1.00 second.
2025-01-27 23:11:19,231 celery.backends.redis ERROR Connection to Redis lost: Retry (7/20) in 1.00 second.
2025-01-27 23:11:23,981 celery.backends.redis ERROR Connection to Redis lost: Retry (8/20) in 1.00 second.
2025-01-27 23:11:28,694 celery.backends.redis ERROR Connection to Redis lost: Retry (9/20) in 1.00 second.
2025-01-27 23:11:33,456 celery.backends.redis ERROR Connection to Redis lost: Retry (10/20) in 1.00 second.
2025-01-27 23:11:38,174 celery.backends.redis ERROR Connection to Redis lost: Retry (11/20) in 1.00 second.
2025-01-27 23:11:43,143 celery.backends.redis ERROR Connection to Redis lost: Retry (12/20) in 1.00 second.
2025-01-27 23:11:47,849 celery.backends.redis ERROR Connection to Redis lost: Retry (13/20) in 1.00 second.
2025-01-27 23:11:52,601 celery.backends.redis ERROR Connection to Redis lost: Retry (14/20) in 1.00 second.
2025-01-27 23:11:57,310 celery.backends.redis ERROR Connection to Redis lost: Retry (15/20) in 1.00 second.
2025-01-27 23:12:02,062 celery.backends.redis ERROR Connection to Redis lost: Retry (16/20) in 1.00 second.
2025-01-27 23:12:06,774 celery.backends.redis ERROR Connection to Redis lost: Retry (17/20) in 1.00 second.
2025-01-27 23:15:31,903 werkzeug INFO [31m[1mWARNING: This is a development server. Do not use it in a production deployment. Use a production WSGI server instead.[0m
 * Running on all addresses (0.0.0.0)
 * Running on http://127.0.0.1:5000
 * Running on http://172.26.0.2:5000
2025-01-27 23:15:31,903 werkzeug INFO [33mPress CTRL+C to quit[0m
2025-01-27 23:15:31,904 werkzeug INFO  * Restarting with stat
2025-01-27 23:15:32,158 werkzeug WARNING  * Debugger is active!
2025-01-27 23:15:32,160 werkzeug INFO  * Debugger PIN: 169-631-286
2025-01-27 23:15:55,022 celery.backends.redis ERROR Connection to Redis lost: Retry (0/20) now.
2025-01-27 23:15:58,763 celery.backends.redis ERROR Connection to Redis lost: Retry (1/20) in 1.00 second.
2025-01-27 23:16:03,477 celery.backends.redis ERROR Connection to Redis lost: Retry (2/20) in 1.00 second.
2025-01-27 23:16:08,210 celery.backends.redis ERROR Connection to Redis lost: Retry (3/20) in 1.00 second.
2025-01-27 23:16:12,934 celery.backends.redis ERROR Connection to Redis lost: Retry (4/20) in 1.00 second.
2025-01-27 23:16:17,666 celery.backends.redis ERROR Connection to Redis lost: Retry (5/20) in 1.00 second.
2025-01-27 23:16:22,382 celery.backends.redis ERROR Connection to Redis lost: Retry (6/20) in 1.00 second.
2025-01-27 23:16:27,112 celery.backends.redis ERROR Connection to Redis lost: Retry (7/20) in 1.00 second.
2025-01-27 23:16:31,847 celery.backends.redis ERROR Connection to Redis lost: Retry (8/20) in 1.00 second.
2025-01-27 23:16:36,556 celery.backends.redis ERROR Connection to Redis lost: Retry (9/20) in 1.00 second.
2025-01-27 23:16:41,315 celery.backends.redis ERROR Connection to Redis lost: Retry (10/20) in 1.00 second.
2025-01-27 23:16:46,050 celery.backends.redis ERROR Connection to Redis lost: Retry (11/20) in 1.00 second.
2025-01-27 23:16:50,796 celery.backends.redis ERROR Connection to Redis lost: Retry (12/20) in 1.00 second.
2025-01-27 23:16:55,505 celery.backends.redis ERROR Connection to Redis lost: Retry (13/20) in 1.00 second.
2025-01-27 23:17:00,230 celery.backends.redis ERROR Connection to Redis lost: Retry (14/20) in 1.00 second.
2025-01-27 23:17:04,933 celery.backends.redis ERROR Connection to Redis lost: Retry (15/20) in 1.00 second.
2025-01-27 23:17:09,662 celery.backends.redis ERROR Connection to Redis lost: Retry (16/20) in 1.00 second.
2025-01-27 23:17:14,404 celery.backends.redis ERROR Connection to Redis lost: Retry (17/20) in 1.00 second.
2025-01-27 23:17:19,139 celery.backends.redis ERROR Connection to Redis lost: Retry (18/20) in 1.00 second.
2025-01-27 23:17:23,851 celery.backends.redis ERROR Connection to Redis lost: Retry (19/20) in 1.00 second.
2025-01-27 23:17:28,596 celery.backends.redis CRITICAL 
Retry limit exceeded while trying to reconnect to the Celery redis result store backend. The Celery application must be restarted.

2025-01-27 23:17:28,620 werkzeug INFO 172.26.0.1 - - [27/Jan/2025 23:17:28] "[35m[1mPOST /upload HTTP/1.1[0m" 500 -
2025-01-27 23:18:57,469 werkzeug INFO  * Detected change in '/app/tasks.py', reloading
2025-01-27 23:18:57,506 werkzeug INFO  * Restarting with stat
2025-01-27 23:18:57,779 werkzeug WARNING  * Debugger is active!
2025-01-27 23:18:57,780 werkzeug INFO  * Debugger PIN: 169-631-286
2025-01-27 23:19:01,083 werkzeug INFO  * Detected change in '/app/tasks.py', reloading
2025-01-27 23:19:01,108 werkzeug INFO  * Restarting with stat
2025-01-27 23:19:01,395 werkzeug WARNING  * Debugger is active!
2025-01-27 23:19:01,396 werkzeug INFO  * Debugger PIN: 169-631-286
2025-01-27 23:19:03,642 werkzeug INFO  * Detected change in '/app/tasks.py', reloading
2025-01-27 23:19:03,671 werkzeug INFO  * Restarting with stat
2025-01-27 23:19:03,955 werkzeug WARNING  * Debugger is active!
2025-01-27 23:19:03,955 werkzeug INFO  * Debugger PIN: 169-631-286
2025-01-27 23:19:39,679 celery.backends.redis ERROR Connection to Redis lost: Retry (0/20) now.
2025-01-27 23:19:43,386 celery.backends.redis ERROR Connection to Redis lost: Retry (1/20) in 1.00 second.
2025-01-27 23:19:48,112 celery.backends.redis ERROR Connection to Redis lost: Retry (2/20) in 1.00 second.
2025-01-27 23:19:52,826 celery.backends.redis ERROR Connection to Redis lost: Retry (3/20) in 1.00 second.
2025-01-27 23:19:57,570 celery.backends.redis ERROR Connection to Redis lost: Retry (4/20) in 1.00 second.
2025-01-27 23:20:02,281 celery.backends.redis ERROR Connection to Redis lost: Retry (5/20) in 1.00 second.
2025-01-27 23:20:07,023 celery.backends.redis ERROR Connection to Redis lost: Retry (6/20) in 1.00 second.
2025-01-27 23:20:11,740 celery.backends.redis ERROR Connection to Redis lost: Retry (7/20) in 1.00 second.
2025-01-27 23:20:16,477 celery.backends.redis ERROR Connection to Redis lost: Retry (8/20) in 1.00 second.
2025-01-27 23:20:21,203 celery.backends.redis ERROR Connection to Redis lost: Retry (9/20) in 1.00 second.
2025-01-27 23:20:25,938 celery.backends.redis ERROR Connection to Redis lost: Retry (10/20) in 1.00 second.
2025-01-27 23:20:35,112 werkzeug INFO [31m[1mWARNING: This is a development server. Do not use it in a production deployment. Use a production WSGI server instead.[0m
 * Running on all addresses (0.0.0.0)
 * Running on http://127.0.0.1:5000
 * Running on http://172.26.0.4:5000
2025-01-27 23:20:35,112 werkzeug INFO [33mPress CTRL+C to quit[0m
2025-01-27 23:20:35,114 werkzeug INFO  * Restarting with stat
2025-01-27 23:20:35,523 werkzeug WARNING  * Debugger is active!
2025-01-27 23:20:35,524 werkzeug INFO  * Debugger PIN: 118-928-123
2025-01-27 23:20:39,670 werkzeug INFO 172.26.0.1 - - [27/Jan/2025 23:20:39] "[35m[1mPOST /upload HTTP/1.1[0m" 500 -
2025-01-27 23:21:06,622 werkzeug INFO  * Detected change in '/app/server.py', reloading
2025-01-27 23:21:06,677 werkzeug INFO  * Restarting with stat
2025-01-27 23:21:07,075 werkzeug WARNING  * Debugger is active!
2025-01-27 23:21:07,076 werkzeug INFO  * Debugger PIN: 118-928-123
2025-01-27 23:21:17,904 root INFO Task ID: a744feb4-8d15-48d8-95f2-c2d9ddbfb7a5
2025-01-27 23:21:17,905 werkzeug INFO 172.26.0.1 - - [27/Jan/2025 23:21:17] "POST /upload HTTP/1.1" 200 -
2025-01-27 23:21:44,601 werkzeug INFO  * Detected change in '/app/tasks.py', reloading
2025-01-27 23:21:44,648 werkzeug INFO  * Restarting with stat
2025-01-27 23:21:45,006 werkzeug WARNING  * Debugger is active!
2025-01-27 23:21:45,008 werkzeug INFO  * Debugger PIN: 118-928-123
2025-01-27 23:21:48,356 werkzeug INFO  * Detected change in '/app/tasks.py', reloading
2025-01-27 23:21:48,405 werkzeug INFO  * Restarting with stat
2025-01-27 23:21:49,144 werkzeug WARNING  * Debugger is active!
2025-01-27 23:21:49,146 werkzeug INFO  * Debugger PIN: 118-928-123
2025-01-27 23:22:02,342 werkzeug INFO  * Detected change in '/app/worker.py', reloading
2025-01-27 23:22:02,373 werkzeug INFO  * Restarting with stat
2025-01-27 23:22:02,751 werkzeug WARNING  * Debugger is active!
2025-01-27 23:22:02,779 werkzeug INFO  * Debugger PIN: 118-928-123
2025-01-27 23:22:03,969 werkzeug INFO  * Detected change in '/app/worker.py', reloading
2025-01-27 23:22:04,014 werkzeug INFO  * Restarting with stat
2025-01-27 23:24:50,586 werkzeug INFO [31m[1mWARNING: This is a development server. Do not use it in a production deployment. Use a production WSGI server instead.[0m
 * Running on all addresses (0.0.0.0)
 * Running on http://127.0.0.1:5000
 * Running on http://172.26.0.4:5000
2025-01-27 23:24:50,587 werkzeug INFO [33mPress CTRL+C to quit[0m
2025-01-27 23:24:50,588 werkzeug INFO  * Restarting with stat
2025-01-27 23:24:50,936 werkzeug WARNING  * Debugger is active!
2025-01-27 23:24:50,937 werkzeug INFO  * Debugger PIN: 118-928-123
2025-01-27 23:24:59,264 root INFO Task ID: c3d2b5a9-a3f4-4870-9b1e-5db75a2e1779
2025-01-27 23:24:59,265 werkzeug INFO 172.26.0.1 - - [27/Jan/2025 23:24:59] "POST /upload HTTP/1.1" 200 -
2025-01-27 23:25:50,386 werkzeug INFO  * Detected change in '/app/tasks.py', reloading
2025-01-27 23:25:50,432 werkzeug INFO  * Restarting with stat
2025-01-27 23:25:50,699 werkzeug WARNING  * Debugger is active!
2025-01-27 23:25:50,700 werkzeug INFO  * Debugger PIN: 118-928-123
2025-01-27 23:25:51,866 werkzeug INFO  * Detected change in '/app/tasks.py', reloading
2025-01-27 23:25:51,894 werkzeug INFO  * Restarting with stat
2025-01-27 23:25:52,170 werkzeug WARNING  * Debugger is active!
2025-01-27 23:25:52,171 werkzeug INFO  * Debugger PIN: 118-928-123
2025-01-27 23:26:46,339 werkzeug INFO  * Detected change in '/app/server.py', reloading
2025-01-27 23:26:46,366 werkzeug INFO  * Restarting with stat
2025-01-27 23:26:47,926 werkzeug INFO  * Restarting with stat
2025-01-27 23:26:49,531 werkzeug INFO  * Restarting with stat
2025-01-27 23:26:55,451 werkzeug INFO  * Restarting with stat
2025-01-27 23:27:05,492 werkzeug INFO  * Restarting with stat
2025-01-27 23:27:08,113 werkzeug INFO  * Restarting with stat
2025-01-27 23:28:03,206 werkzeug INFO  * Restarting with stat
2025-01-27 23:28:04,752 werkzeug INFO  * Restarting with stat
2025-01-27 23:33:54,965 werkzeug INFO  * Restarting with stat
